[2026-03-26T01:07:47.263Z] GET http://localhost:8888/index.html → 200 (7ms, ?B)
[2026-03-26T01:07:47.278Z] GET http://localhost:8888/images/129392c464048f69f4b84d249e8775c9bf25bfad-174x41.png → 200 (11ms, 1340B)
[2026-03-26T01:07:47.278Z] GET http://localhost:8888/_next/static/css/0a42b1e55bc1c847.css%3Fdpl=dpl_DcCLQtyGzHh51C83SSgWGoMj44yZ.css → 200 (3ms, 20976B)
[2026-03-26T01:07:47.279Z] GET http://localhost:8888/_next/static/css/3407dbf84a26af88.css%3Fdpl=dpl_DcCLQtyGzHh51C83SSgWGoMj44yZ.css → 200 (8ms, 4002B)
[2026-03-26T01:07:47.279Z] GET http://localhost:8888/_next/static/css/5af49ac7b74fbdea.css%3Fdpl=dpl_DcCLQtyGzHh51C83SSgWGoMj44yZ.css → 200 (8ms, 5169B)
[2026-03-26T01:07:47.279Z] GET http://localhost:8888/_next/static/css/12ba1214e82fb3d0.css%3Fdpl=dpl_DcCLQtyGzHh51C83SSgWGoMj44yZ.css → 200 (8ms, 5907B)
[2026-03-26T01:07:47.279Z] GET http://localhost:8888/_next/static/css/72fc5ca864b9d3f2.css%3Fdpl=dpl_DcCLQtyGzHh51C83SSgWGoMj44yZ.css → 200 (9ms, 269904B)
[2026-03-26T01:07:47.279Z] GET http://localhost:8888/images/b796d88c5f62826e64d1e8e6112c8cbdc243d8cc-3000x1698.jpg → 200 (11ms, 438305B)
[2026-03-26T01:07:47.279Z] GET http://localhost:8888/images/17ba846d8abd998e49c8615fdd19b8e4920e9605-1380x776.png → 200 (11ms, 1583501B)
[2026-03-26T01:07:47.279Z] GET http://localhost:8888/images/ab67c098db6478122132cd1468cc0b117ab3edfa-1400x1100.jpg → 200 (11ms, 64480B)
[2026-03-26T01:07:47.280Z] GET http://localhost:8888/images/31c991f6200a346b18b2d6d962ebf0c4e8dc852e-3052x1734.jpg → 200 (10ms, 404367B)
[2026-03-26T01:07:47.280Z] GET http://localhost:8888/images/4b1321724c4eeb4f06f6fca49a38a35f8a943b87-245x49.png → 200 (10ms, 1697B)
[2026-03-26T01:07:47.280Z] GET http://localhost:8888/images/6278a1ad9d6188ada6abf5612ac3f191608aec0c-434x640.jpg → 200 (10ms, 30242B)
[2026-03-26T01:07:47.280Z] GET http://localhost:8888/images/de01a1cbd947469da4c74b68709e5bc02bc2ec98-434x640.jpg → 200 (11ms, 49812B)
[2026-03-26T01:07:47.280Z] GET http://localhost:8888/images/798d9b2831387860f1d84a7cb8b7a878084bfafc-918x562.png → 200 (11ms, 605934B)
[2026-03-26T01:07:47.280Z] GET http://localhost:8888/images/9dab2c2be594767f3d9671849444971a7f93c5ae-434x640.png → 200 (11ms, 697272B)
[2026-03-26T01:07:47.280Z] GET http://localhost:8888/images/0284ca1a1c8a927d9c218106a5fb79cfb93e82ae-916x542.png → 200 (11ms, 874230B)
[2026-03-26T01:07:47.280Z] GET http://localhost:8888/images/7dbba280ff4323347806b193435ac16df69cf05a-6000x4074.jpg → 200 (12ms, 1461308B)
[2026-03-26T01:07:47.280Z] GET http://localhost:8888/images/7e2f361ac33338a5779665ef8f5877390e1705bd-2800x1400.png → 200 (14ms, 2639252B)
[2026-03-26T01:07:47.280Z] GET http://localhost:8888/images/447a22858e045cbe0eb11fb6030893f11dab25e2-4800x3584.jpg → 200 (16ms, 655023B)
[2026-03-26T01:07:47.280Z] GET http://localhost:8888/images/7b09e7031f9314d9b5a7c87024a8a68efb217e08-265x55.png → 200 (18ms, 2824B)
[2026-03-26T01:07:47.280Z] GET http://localhost:8888/images/139d1328f20bba1d8cfc55869a61afecd3372045-370x55.png → 200 (18ms, 2392B)
[2026-03-26T01:07:47.280Z] GET http://localhost:8888/images/e5a93d0aab4ed37b32d10c5eecddba6c4080e872-217x55.png → 200 (19ms, 2299B)
[2026-03-26T01:07:47.280Z] GET http://localhost:8888/images/0ddebeacbc82175faf8d55ccf5d8a32e669c9db2-158x55.png → 200 (19ms, 1096B)
[2026-03-26T01:07:47.281Z] GET http://localhost:8888/images/f108e6bf2641fc84ad429fe8c3b583c5fab4eeac-257x55.png → 200 (18ms, 7285B)
[2026-03-26T01:07:47.281Z] GET http://localhost:8888/images/68172b985710d2ee0cc7f4c57a087e78c794c383-128x139.png → 200 (20ms, 23562B)
[2026-03-26T01:07:47.281Z] GET http://localhost:8888/images/a772daf903166d7402cb932e154f13276c23c16a-126x126.png → 200 (20ms, 14438B)
[2026-03-26T01:07:47.281Z] GET http://localhost:8888/animations.js → 200 (39ms, 6961B)
[2026-03-26T01:07:47.350Z] GET http://localhost:8888/_next/static/media/487029cd43105c14-s.p.woff2 → 200 (4ms, 44017B)
[2026-03-26T01:07:47.350Z] GET http://localhost:8888/_next/static/media/3c1821ab3ea1a988-s.p.woff2 → 200 (4ms, 46037B)
[2026-03-26T01:07:47.350Z] GET http://localhost:8888/_next/static/media/8893be40a87785b6-s.p.woff2 → 200 (4ms, 9796B)
[2026-03-26T01:07:47.350Z] GET http://localhost:8888/_next/static/media/e8d3ed3f91d4643d-s.p.woff2 → 200 (4ms, 32057B)
[2026-03-26T01:08:33.656Z] GET http://localhost:8888/index.html → 200 (1ms, 102272B)
[2026-03-26T01:08:33.660Z] GET http://localhost:8888/images/129392c464048f69f4b84d249e8775c9bf25bfad-174x41.png → 200 (?ms, 1340B)
[2026-03-26T01:08:33.661Z] GET http://localhost:8888/_next/static/css/0a42b1e55bc1c847.css%3Fdpl=dpl_DcCLQtyGzHh51C83SSgWGoMj44yZ.css → 200 (?ms, 20976B)
[2026-03-26T01:08:33.661Z] GET http://localhost:8888/_next/static/css/3407dbf84a26af88.css%3Fdpl=dpl_DcCLQtyGzHh51C83SSgWGoMj44yZ.css → 200 (?ms, 4002B)
[2026-03-26T01:08:33.661Z] GET http://localhost:8888/_next/static/css/5af49ac7b74fbdea.css%3Fdpl=dpl_DcCLQtyGzHh51C83SSgWGoMj44yZ.css → 200 (?ms, 5169B)
[2026-03-26T01:08:33.661Z] GET http://localhost:8888/_next/static/css/12ba1214e82fb3d0.css%3Fdpl=dpl_DcCLQtyGzHh51C83SSgWGoMj44yZ.css → 200 (?ms, 5907B)
[2026-03-26T01:08:33.661Z] GET http://localhost:8888/_next/static/css/72fc5ca864b9d3f2.css%3Fdpl=dpl_DcCLQtyGzHh51C83SSgWGoMj44yZ.css → 200 (1ms, 269904B)
[2026-03-26T01:08:33.662Z] GET http://localhost:8888/images/b796d88c5f62826e64d1e8e6112c8cbdc243d8cc-3000x1698.jpg → 200 (?ms, 438305B)
[2026-03-26T01:08:33.662Z] GET http://localhost:8888/images/17ba846d8abd998e49c8615fdd19b8e4920e9605-1380x776.png → 200 (?ms, 1583501B)
[2026-03-26T01:08:33.662Z] GET http://localhost:8888/images/ab67c098db6478122132cd1468cc0b117ab3edfa-1400x1100.jpg → 200 (?ms, 64480B)
[2026-03-26T01:08:33.662Z] GET http://localhost:8888/images/31c991f6200a346b18b2d6d962ebf0c4e8dc852e-3052x1734.jpg → 200 (?ms, 404367B)
[2026-03-26T01:08:33.662Z] GET http://localhost:8888/images/4b1321724c4eeb4f06f6fca49a38a35f8a943b87-245x49.png → 200 (?ms, 1697B)
[2026-03-26T01:08:33.663Z] GET http://localhost:8888/images/6278a1ad9d6188ada6abf5612ac3f191608aec0c-434x640.jpg → 200 (?ms, 30242B)
[2026-03-26T01:08:33.663Z] GET http://localhost:8888/images/de01a1cbd947469da4c74b68709e5bc02bc2ec98-434x640.jpg → 200 (?ms, 49812B)
[2026-03-26T01:08:33.663Z] GET http://localhost:8888/images/798d9b2831387860f1d84a7cb8b7a878084bfafc-918x562.png → 200 (?ms, 605934B)
[2026-03-26T01:08:33.663Z] GET http://localhost:8888/images/9dab2c2be594767f3d9671849444971a7f93c5ae-434x640.png → 200 (?ms, 697272B)
[2026-03-26T01:08:33.663Z] GET http://localhost:8888/images/0284ca1a1c8a927d9c218106a5fb79cfb93e82ae-916x542.png → 200 (?ms, 874230B)
[2026-03-26T01:08:33.663Z] GET http://localhost:8888/images/7dbba280ff4323347806b193435ac16df69cf05a-6000x4074.jpg → 200 (?ms, 1461308B)
[2026-03-26T01:08:33.663Z] GET http://localhost:8888/images/7e2f361ac33338a5779665ef8f5877390e1705bd-2800x1400.png → 200 (?ms, 2639252B)
[2026-03-26T01:08:33.663Z] GET http://localhost:8888/images/447a22858e045cbe0eb11fb6030893f11dab25e2-4800x3584.jpg → 200 (1ms, 655023B)
[2026-03-26T01:08:33.664Z] GET http://localhost:8888/images/7b09e7031f9314d9b5a7c87024a8a68efb217e08-265x55.png → 200 (?ms, 2824B)
[2026-03-26T01:08:33.664Z] GET http://localhost:8888/images/139d1328f20bba1d8cfc55869a61afecd3372045-370x55.png → 200 (?ms, 2392B)
[2026-03-26T01:08:33.664Z] GET http://localhost:8888/images/e5a93d0aab4ed37b32d10c5eecddba6c4080e872-217x55.png → 200 (?ms, 2299B)
[2026-03-26T01:08:33.664Z] GET http://localhost:8888/images/0ddebeacbc82175faf8d55ccf5d8a32e669c9db2-158x55.png → 200 (?ms, 1096B)
[2026-03-26T01:08:33.664Z] GET http://localhost:8888/images/f108e6bf2641fc84ad429fe8c3b583c5fab4eeac-257x55.png → 200 (?ms, 7285B)
[2026-03-26T01:08:33.664Z] GET http://localhost:8888/images/68172b985710d2ee0cc7f4c57a087e78c794c383-128x139.png → 200 (?ms, 23562B)
[2026-03-26T01:08:33.664Z] GET http://localhost:8888/images/a772daf903166d7402cb932e154f13276c23c16a-126x126.png → 200 (?ms, 14438B)
[2026-03-26T01:08:33.665Z] GET http://localhost:8888/animations.js → 200 (?ms, 6961B)
[2026-03-26T01:08:33.669Z] GET http://localhost:8888/_next/static/media/487029cd43105c14-s.p.woff2 → 200 (?ms, ?B)
[2026-03-26T01:08:33.669Z] GET http://localhost:8888/_next/static/media/3c1821ab3ea1a988-s.p.woff2 → 200 (?ms, ?B)
[2026-03-26T01:08:33.669Z] GET http://localhost:8888/_next/static/media/e8d3ed3f91d4643d-s.p.woff2 → 200 (?ms, ?B)
[2026-03-26T01:08:33.669Z] GET http://localhost:8888/_next/static/media/8893be40a87785b6-s.p.woff2 → 200 (?ms, ?B)
[2026-03-26T01:09:15.741Z] GET http://localhost:8888/index.html → 200 (1ms, 102272B)
[2026-03-26T01:09:15.744Z] GET http://localhost:8888/images/129392c464048f69f4b84d249e8775c9bf25bfad-174x41.png → 200 (?ms, 1340B)
[2026-03-26T01:09:15.744Z] GET http://localhost:8888/_next/static/css/0a42b1e55bc1c847.css%3Fdpl=dpl_DcCLQtyGzHh51C83SSgWGoMj44yZ.css → 200 (?ms, 20976B)
[2026-03-26T01:09:15.745Z] GET http://localhost:8888/_next/static/css/3407dbf84a26af88.css%3Fdpl=dpl_DcCLQtyGzHh51C83SSgWGoMj44yZ.css → 200 (?ms, 4002B)
[2026-03-26T01:09:15.745Z] GET http://localhost:8888/_next/static/css/5af49ac7b74fbdea.css%3Fdpl=dpl_DcCLQtyGzHh51C83SSgWGoMj44yZ.css → 200 (?ms, 5169B)
[2026-03-26T01:09:15.745Z] GET http://localhost:8888/_next/static/css/12ba1214e82fb3d0.css%3Fdpl=dpl_DcCLQtyGzHh51C83SSgWGoMj44yZ.css → 200 (?ms, 5907B)
[2026-03-26T01:09:15.745Z] GET http://localhost:8888/_next/static/css/72fc5ca864b9d3f2.css%3Fdpl=dpl_DcCLQtyGzHh51C83SSgWGoMj44yZ.css → 200 (?ms, 269904B)
[2026-03-26T01:09:15.745Z] GET http://localhost:8888/images/b796d88c5f62826e64d1e8e6112c8cbdc243d8cc-3000x1698.jpg → 200 (?ms, 438305B)
[2026-03-26T01:09:15.745Z] GET http://localhost:8888/images/17ba846d8abd998e49c8615fdd19b8e4920e9605-1380x776.png → 200 (?ms, 1583501B)
[2026-03-26T01:09:15.746Z] GET http://localhost:8888/images/ab67c098db6478122132cd1468cc0b117ab3edfa-1400x1100.jpg → 200 (?ms, 64480B)
[2026-03-26T01:09:15.746Z] GET http://localhost:8888/images/31c991f6200a346b18b2d6d962ebf0c4e8dc852e-3052x1734.jpg → 200 (?ms, 404367B)
[2026-03-26T01:09:15.746Z] GET http://localhost:8888/images/4b1321724c4eeb4f06f6fca49a38a35f8a943b87-245x49.png → 200 (?ms, 1697B)
[2026-03-26T01:09:15.746Z] GET http://localhost:8888/images/6278a1ad9d6188ada6abf5612ac3f191608aec0c-434x640.jpg → 200 (?ms, 30242B)
[2026-03-26T01:09:15.746Z] GET http://localhost:8888/images/de01a1cbd947469da4c74b68709e5bc02bc2ec98-434x640.jpg → 200 (?ms, 49812B)
[2026-03-26T01:09:15.746Z] GET http://localhost:8888/images/798d9b2831387860f1d84a7cb8b7a878084bfafc-918x562.png → 200 (?ms, 605934B)
[2026-03-26T01:09:15.746Z] GET http://localhost:8888/images/9dab2c2be594767f3d9671849444971a7f93c5ae-434x640.png → 200 (?ms, 697272B)
[2026-03-26T01:09:15.746Z] GET http://localhost:8888/images/0284ca1a1c8a927d9c218106a5fb79cfb93e82ae-916x542.png → 200 (?ms, 874230B)
[2026-03-26T01:09:15.746Z] GET http://localhost:8888/images/7dbba280ff4323347806b193435ac16df69cf05a-6000x4074.jpg → 200 (?ms, 1461308B)
[2026-03-26T01:09:15.747Z] GET http://localhost:8888/images/7e2f361ac33338a5779665ef8f5877390e1705bd-2800x1400.png → 200 (?ms, 2639252B)
[2026-03-26T01:09:15.747Z] GET http://localhost:8888/images/447a22858e045cbe0eb11fb6030893f11dab25e2-4800x3584.jpg → 200 (?ms, 655023B)
[2026-03-26T01:09:15.747Z] GET http://localhost:8888/images/7b09e7031f9314d9b5a7c87024a8a68efb217e08-265x55.png → 200 (?ms, 2824B)
[2026-03-26T01:09:15.747Z] GET http://localhost:8888/images/139d1328f20bba1d8cfc55869a61afecd3372045-370x55.png → 200 (?ms, 2392B)
[2026-03-26T01:09:15.747Z] GET http://localhost:8888/images/e5a93d0aab4ed37b32d10c5eecddba6c4080e872-217x55.png → 200 (?ms, 2299B)
[2026-03-26T01:09:15.747Z] GET http://localhost:8888/images/0ddebeacbc82175faf8d55ccf5d8a32e669c9db2-158x55.png → 200 (?ms, 1096B)
[2026-03-26T01:09:15.747Z] GET http://localhost:8888/images/f108e6bf2641fc84ad429fe8c3b583c5fab4eeac-257x55.png → 200 (?ms, 7285B)
[2026-03-26T01:09:15.747Z] GET http://localhost:8888/images/68172b985710d2ee0cc7f4c57a087e78c794c383-128x139.png → 200 (?ms, 23562B)
[2026-03-26T01:09:15.747Z] GET http://localhost:8888/images/a772daf903166d7402cb932e154f13276c23c16a-126x126.png → 200 (1ms, 14438B)
[2026-03-26T01:09:15.748Z] GET http://localhost:8888/animations.js → 200 (?ms, 6961B)
[2026-03-26T01:09:15.753Z] GET http://localhost:8888/_next/static/media/487029cd43105c14-s.p.woff2 → 200 (1ms, ?B)
[2026-03-26T01:09:15.754Z] GET http://localhost:8888/_next/static/media/3c1821ab3ea1a988-s.p.woff2 → 200 (?ms, ?B)
[2026-03-26T01:09:15.754Z] GET http://localhost:8888/_next/static/media/e8d3ed3f91d4643d-s.p.woff2 → 200 (?ms, ?B)
[2026-03-26T01:09:15.754Z] GET http://localhost:8888/_next/static/media/8893be40a87785b6-s.p.woff2 → 200 (?ms, ?B)
[2026-03-26T01:16:21.379Z] GET http://localhost:8888/index.html → 200 (1ms, 102272B)
[2026-03-26T01:16:21.382Z] GET http://localhost:8888/images/129392c464048f69f4b84d249e8775c9bf25bfad-174x41.png → 200 (1ms, 1340B)
[2026-03-26T01:16:21.383Z] GET http://localhost:8888/_next/static/css/0a42b1e55bc1c847.css%3Fdpl=dpl_DcCLQtyGzHh51C83SSgWGoMj44yZ.css → 200 (?ms, 20976B)
[2026-03-26T01:16:21.383Z] GET http://localhost:8888/_next/static/css/3407dbf84a26af88.css%3Fdpl=dpl_DcCLQtyGzHh51C83SSgWGoMj44yZ.css → 200 (?ms, 4002B)
[2026-03-26T01:16:21.383Z] GET http://localhost:8888/_next/static/css/5af49ac7b74fbdea.css%3Fdpl=dpl_DcCLQtyGzHh51C83SSgWGoMj44yZ.css → 200 (?ms, 5169B)
[2026-03-26T01:16:21.383Z] GET http://localhost:8888/_next/static/css/12ba1214e82fb3d0.css%3Fdpl=dpl_DcCLQtyGzHh51C83SSgWGoMj44yZ.css → 200 (?ms, 5907B)
[2026-03-26T01:16:21.383Z] GET http://localhost:8888/_next/static/css/72fc5ca864b9d3f2.css%3Fdpl=dpl_DcCLQtyGzHh51C83SSgWGoMj44yZ.css → 200 (?ms, 269904B)
[2026-03-26T01:16:21.383Z] GET http://localhost:8888/images/b796d88c5f62826e64d1e8e6112c8cbdc243d8cc-3000x1698.jpg → 200 (1ms, 438305B)
[2026-03-26T01:16:21.384Z] GET http://localhost:8888/images/17ba846d8abd998e49c8615fdd19b8e4920e9605-1380x776.png → 200 (?ms, 1583501B)
[2026-03-26T01:16:21.384Z] GET http://localhost:8888/images/ab67c098db6478122132cd1468cc0b117ab3edfa-1400x1100.jpg → 200 (?ms, 64480B)
[2026-03-26T01:16:21.384Z] GET http://localhost:8888/images/31c991f6200a346b18b2d6d962ebf0c4e8dc852e-3052x1734.jpg → 200 (?ms, 404367B)
[2026-03-26T01:16:21.384Z] GET http://localhost:8888/images/4b1321724c4eeb4f06f6fca49a38a35f8a943b87-245x49.png → 200 (?ms, 1697B)
[2026-03-26T01:16:21.384Z] GET http://localhost:8888/images/6278a1ad9d6188ada6abf5612ac3f191608aec0c-434x640.jpg → 200 (?ms, 30242B)
[2026-03-26T01:16:21.384Z] GET http://localhost:8888/images/de01a1cbd947469da4c74b68709e5bc02bc2ec98-434x640.jpg → 200 (?ms, 49812B)
[2026-03-26T01:16:21.384Z] GET http://localhost:8888/images/798d9b2831387860f1d84a7cb8b7a878084bfafc-918x562.png → 200 (?ms, 605934B)
[2026-03-26T01:16:21.385Z] GET http://localhost:8888/images/9dab2c2be594767f3d9671849444971a7f93c5ae-434x640.png → 200 (?ms, 697272B)
[2026-03-26T01:16:21.385Z] GET http://localhost:8888/images/0284ca1a1c8a927d9c218106a5fb79cfb93e82ae-916x542.png → 200 (?ms, 874230B)
[2026-03-26T01:16:21.385Z] GET http://localhost:8888/images/7dbba280ff4323347806b193435ac16df69cf05a-6000x4074.jpg → 200 (?ms, 1461308B)
[2026-03-26T01:16:21.385Z] GET http://localhost:8888/images/7e2f361ac33338a5779665ef8f5877390e1705bd-2800x1400.png → 200 (?ms, 2639252B)
[2026-03-26T01:16:21.385Z] GET http://localhost:8888/images/447a22858e045cbe0eb11fb6030893f11dab25e2-4800x3584.jpg → 200 (?ms, 655023B)
[2026-03-26T01:16:21.385Z] GET http://localhost:8888/images/7b09e7031f9314d9b5a7c87024a8a68efb217e08-265x55.png → 200 (?ms, 2824B)
[2026-03-26T01:16:21.385Z] GET http://localhost:8888/images/139d1328f20bba1d8cfc55869a61afecd3372045-370x55.png → 200 (?ms, 2392B)
[2026-03-26T01:16:21.385Z] GET http://localhost:8888/images/e5a93d0aab4ed37b32d10c5eecddba6c4080e872-217x55.png → 200 (?ms, 2299B)
[2026-03-26T01:16:21.385Z] GET http://localhost:8888/images/0ddebeacbc82175faf8d55ccf5d8a32e669c9db2-158x55.png → 200 (?ms, 1096B)
[2026-03-26T01:16:21.385Z] GET http://localhost:8888/images/f108e6bf2641fc84ad429fe8c3b583c5fab4eeac-257x55.png → 200 (1ms, 7285B)
[2026-03-26T01:16:21.386Z] GET http://localhost:8888/images/68172b985710d2ee0cc7f4c57a087e78c794c383-128x139.png → 200 (?ms, 23562B)
[2026-03-26T01:16:21.386Z] GET http://localhost:8888/images/a772daf903166d7402cb932e154f13276c23c16a-126x126.png → 200 (?ms, 14438B)
[2026-03-26T01:16:21.386Z] GET http://localhost:8888/animations.js → 200 (?ms, 6961B)
[2026-03-26T01:16:21.391Z] GET http://localhost:8888/_next/static/media/487029cd43105c14-s.p.woff2 → 200 (?ms, ?B)
[2026-03-26T01:16:21.391Z] GET http://localhost:8888/_next/static/media/3c1821ab3ea1a988-s.p.woff2 → 200 (?ms, ?B)
[2026-03-26T01:16:21.391Z] GET http://localhost:8888/_next/static/media/e8d3ed3f91d4643d-s.p.woff2 → 200 (?ms, ?B)
[2026-03-26T01:16:21.391Z] GET http://localhost:8888/_next/static/media/8893be40a87785b6-s.p.woff2 → 200 (?ms, ?B)
[2026-03-26T01:39:21.763Z] GET https://www.midjourney.com/imagine → 307 (123ms, ?B)
[2026-03-26T01:39:21.886Z] GET https://www.midjourney.com/imagine → 403 (31ms, ?B)
[2026-03-26T01:39:21.945Z] GET https://www.midjourney.com/cdn-cgi/challenge-platform/h/g/orchestrate/chl_page/v1?ray=9e2270ee4b9d209b → 200 (78ms, 166245B)
[2026-03-26T01:39:22.030Z] GET blob:https://www.midjourney.com/a7f395dc-096c-4443-a128-ab9896fbf396 → pending (?ms, ?B)
[2026-03-26T01:39:22.035Z] GET https://challenges.cloudflare.com/turnstile/v0/g/ea2d291c0fdc/api.js?onload=MNurp8&render=explicit → 200 (124ms, 51125B)
[2026-03-26T01:39:22.151Z] POST https://www.midjourney.com/cdn-cgi/challenge-platform/h/g/flow/ov1/1999988631:1774424211:ufj9z36p3lrOYP8bcoAv7UVXu4jYYHVmCKOcowaP_oM/9e2270ee4b9d209b/pttZnpVgMltNGXtLEG2fG_hiVTHSmG0gg_z0NCwMwyA-1774489161-1.2.1.1-UHz49vFnaI0QhWqH92TXk57hQb7ZM41nt.iX3lWHGOVpWy4bhQZhPICY_ltmmp.9 → 200 (76ms, 18304B)
[2026-03-26T01:39:22.223Z] GET blob:https://www.midjourney.com/4c8e04e7-39e0-49f7-8004-58d036618e6d → 200 (7ms, 80B)
[2026-03-26T01:39:22.228Z] GET https://challenges.cloudflare.com/cdn-cgi/challenge-platform/h/g/turnstile/f/ov2/av0/rch/96mz5/0x4AAAAAAADnPIDROrmt1Wwj/light/fbE/new/normal?lang=auto → 200 (113ms, 204402B)
[2026-03-26T01:39:22.371Z] GET https://challenges.cloudflare.com/cdn-cgi/challenge-platform/h/g/cmg/1 → 200 (118ms, 86B)
[2026-03-26T01:39:22.498Z] GET blob:https://challenges.cloudflare.com/76a287c6-2c9c-4485-a8a9-ca6a71fca133 → pending (?ms, ?B)
[2026-03-26T01:39:22.628Z] POST https://challenges.cloudflare.com/cdn-cgi/challenge-platform/h/g/flow/ov1/1151758751:1774424211:4o8Wa4Enn-QTt2lnuwi1reIgADkO95lDbuYaz16VfCU/9e2270f0e820c72f/NTB6eUPxxt54lPLiTxjR6OIx0O0Z4mDgsGVBDNB94L0-1774489162-1.2.1.1-LNpImiNjtlxEYZVrSeU61hKQa3ep_.KY3KGCr8GKXwIzfWLkZsKoVYvKPmC.d9xO → 200 (94ms, 249948B)
[2026-03-26T01:39:22.802Z] GET blob:https://challenges.cloudflare.com/430c4052-3c69-4b91-bb28-968d9e0e7b12 → 200 (3ms, 80B)
[2026-03-26T01:39:23.580Z] GET https://challenges.cloudflare.com/cdn-cgi/challenge-platform/h/g/pat/9e2270f0e820c72f/1774489162728/1cbba4fca55b2a252a090e8fa6a63c5b7b2b495fa5787498a17a78db036e3646/sG1gnTUlkN_hjQd → 401 (39ms, 1B)
[2026-03-26T01:39:23.680Z] GET blob:https://challenges.cloudflare.com/430c4052-3c69-4b91-bb28-968d9e0e7b12 → 200 (4ms, 80B)
[2026-03-26T01:39:23.713Z] GET https://challenges.cloudflare.com/cdn-cgi/challenge-platform/h/g/d/9e2270f0e820c72f/1774489162729/gwtxJ03rndQK4jk → 200 (26ms, 322B)
[2026-03-26T01:39:23.901Z] POST https://challenges.cloudflare.com/cdn-cgi/challenge-platform/h/g/flow/ov1/1151758751:1774424211:4o8Wa4Enn-QTt2lnuwi1reIgADkO95lDbuYaz16VfCU/9e2270f0e820c72f/NTB6eUPxxt54lPLiTxjR6OIx0O0Z4mDgsGVBDNB94L0-1774489162-1.2.1.1-LNpImiNjtlxEYZVrSeU61hKQa3ep_.KY3KGCr8GKXwIzfWLkZsKoVYvKPmC.d9xO → pending (?ms, ?B)
[2026-03-26T01:39:23.979Z] GET blob:https://challenges.cloudflare.com/756a419c-2882-4a64-96ba-da8025d04c71 → 200 (4ms, 80B)
[2026-03-26T01:41:24.002Z] POST https://www.midjourney.com/cdn-cgi/challenge-platform/h/g/flow/ov1/1999988631:1774424211:ufj9z36p3lrOYP8bcoAv7UVXu4jYYHVmCKOcowaP_oM/9e2270ee4b9d209b/pttZnpVgMltNGXtLEG2fG_hiVTHSmG0gg_z0NCwMwyA-1774489161-1.2.1.1-UHz49vFnaI0QhWqH92TXk57hQb7ZM41nt.iX3lWHGOVpWy4bhQZhPICY_ltmmp.9 → pending (?ms, ?B)
[2026-03-26T01:41:26.124Z] GET https://www.midjourney.com/imagine → 403 (22ms, 5506B)
[2026-03-26T01:41:26.148Z] GET https://www.midjourney.com/cdn-cgi/challenge-platform/h/g/orchestrate/chl_page/v1?ray=9e2273f6bb506a07 → 200 (79ms, 158083B)
[2026-03-26T01:41:26.230Z] GET blob:https://www.midjourney.com/d4c45906-46f0-43e6-83db-2b82dc33999a → pending (?ms, ?B)
[2026-03-26T01:41:26.233Z] GET https://challenges.cloudflare.com/turnstile/v0/g/ea2d291c0fdc/api.js?onload=MNurp8&render=explicit → 200 (?ms, 51125B)
[2026-03-26T01:41:26.348Z] POST https://www.midjourney.com/cdn-cgi/challenge-platform/h/g/flow/ov1/1999988631:1774424211:ufj9z36p3lrOYP8bcoAv7UVXu4jYYHVmCKOcowaP_oM/9e2273f6bb506a07/zcUqU_8FKxNBaZicyw1C78zCNCA4dRGivsvI372POtk-1774489286-1.2.1.1-Gx41eULBBPKj_Qc84wGNzj2JpkuiOPSCjPhosils8.T0vqZpaTmMlWllE_FWKdwf → 200 (60ms, 18300B)
[2026-03-26T01:41:26.405Z] GET blob:https://www.midjourney.com/c09fa993-fe13-48ed-bf34-1017916b3baa → 200 (4ms, 80B)
[2026-03-26T01:41:26.408Z] GET https://challenges.cloudflare.com/cdn-cgi/challenge-platform/h/g/turnstile/f/ov2/av0/rch/nbajk/0x4AAAAAAADnPIDROrmt1Wwj/light/fbE/new/normal?lang=auto → 200 (132ms, 218768B)
[2026-03-26T01:41:26.544Z] GET https://challenges.cloudflare.com/cdn-cgi/challenge-platform/h/g/cmg/1 → 200 (87ms, 86B)
[2026-03-26T01:41:26.638Z] GET blob:https://challenges.cloudflare.com/41e1bfd9-7a28-4c8f-9c64-96c67c453c1d → pending (?ms, ?B)
[2026-03-26T01:41:26.764Z] POST https://challenges.cloudflare.com/cdn-cgi/challenge-platform/h/g/flow/ov1/1151758751:1774424211:4o8Wa4Enn-QTt2lnuwi1reIgADkO95lDbuYaz16VfCU/9e2273f9284ae755/RY2.RcpCSeN4AEyb9I.Z724x2wWBAY6k4O8Ty4P7DWU-1774489286-1.2.1.1-O8uaW3GXP.ndLtaidAdE9UqGuy1qLvHI.jRtv2CpDvZwVxgz0Ikr27JVmcJbFeyr → 200 (85ms, 256348B)
[2026-03-26T01:41:26.934Z] GET blob:https://challenges.cloudflare.com/9017f666-6319-4320-aee7-b060dc627104 → 200 (23ms, 80B)
[2026-03-26T01:41:26.972Z] GET https://challenges.cloudflare.com/cdn-cgi/challenge-platform/h/g/d/9e2273f9284ae755/1774489286859/-Ti6_NJOBf8FUa3 → 200 (32ms, 195B)
[2026-03-26T01:41:27.007Z] GET https://challenges.cloudflare.com/cdn-cgi/challenge-platform/h/g/pat/9e2273f9284ae755/1774489286859/40e98c9ff0722bf0563dadedd6b5b2ea8f57d5c2ca53d2519fcad526a122c7e6/_DcB8gL8rktrY4_ → 401 (31ms, ?B)
[2026-03-26T01:41:27.234Z] GET blob:https://challenges.cloudflare.com/9017f666-6319-4320-aee7-b060dc627104 → 200 (4ms, 80B)
[2026-03-26T01:41:27.402Z] POST https://challenges.cloudflare.com/cdn-cgi/challenge-platform/h/g/flow/ov1/1151758751:1774424211:4o8Wa4Enn-QTt2lnuwi1reIgADkO95lDbuYaz16VfCU/9e2273f9284ae755/RY2.RcpCSeN4AEyb9I.Z724x2wWBAY6k4O8Ty4P7DWU-1774489286-1.2.1.1-O8uaW3GXP.ndLtaidAdE9UqGuy1qLvHI.jRtv2CpDvZwVxgz0Ikr27JVmcJbFeyr → 200 (207ms, 30972B)
[2026-03-26T01:41:27.614Z] GET blob:https://challenges.cloudflare.com/c73cd8b4-0671-4847-ab51-b104e0a33b97 → 200 (3ms, 80B)
[2026-03-26T01:43:27.635Z] POST https://www.midjourney.com/cdn-cgi/challenge-platform/h/g/flow/ov1/1999988631:1774424211:ufj9z36p3lrOYP8bcoAv7UVXu4jYYHVmCKOcowaP_oM/9e2273f6bb506a07/zcUqU_8FKxNBaZicyw1C78zCNCA4dRGivsvI372POtk-1774489286-1.2.1.1-Gx41eULBBPKj_Qc84wGNzj2JpkuiOPSCjPhosils8.T0vqZpaTmMlWllE_FWKdwf → 200 (143ms, 3088B)
[2026-03-26T01:43:31.780Z] GET https://www.midjourney.com/imagine → 403 (31ms, 5485B)
[2026-03-26T01:43:31.816Z] GET https://www.midjourney.com/cdn-cgi/challenge-platform/h/g/orchestrate/chl_page/v1?ray=9e2277081924b73f → 200 (78ms, 162437B)
[2026-03-26T01:43:31.898Z] GET blob:https://www.midjourney.com/73520c05-b7ef-4447-9cfc-e34742e24f08 → pending (?ms, ?B)
[2026-03-26T01:43:31.902Z] GET https://challenges.cloudflare.com/turnstile/v0/g/ea2d291c0fdc/api.js?onload=MNurp8&render=explicit → 200 (?ms, 51125B)
[2026-03-26T01:43:32.015Z] POST https://www.midjourney.com/cdn-cgi/challenge-platform/h/g/flow/ov1/1999988631:1774424211:ufj9z36p3lrOYP8bcoAv7UVXu4jYYHVmCKOcowaP_oM/9e2277081924b73f/PzcSD8U9TV7KUV1ODg7haHQtBKSCska4S7jjfNgkWrQ-1774489411-1.2.1.1-cooNP9japS4oK_mSIYORkeQI3FJ0b7NxsJyNLvnJPCSkvfUS6iWlZPHawPudem5Y → 200 (115ms, 18300B)
[2026-03-26T01:43:32.128Z] GET blob:https://www.midjourney.com/e6f3e04c-2a4e-4127-a310-0e1e45749855 → 200 (3ms, 80B)
[2026-03-26T01:43:32.131Z] GET https://challenges.cloudflare.com/cdn-cgi/challenge-platform/h/g/turnstile/f/ov2/av0/rch/qgqip/0x4AAAAAAADnPIDROrmt1Wwj/light/fbE/new/normal?lang=auto → pending (?ms, ?B)
[2026-03-26T01:43:32.607Z] GET https://challenges.cloudflare.com/cdn-cgi/challenge-platform/h/g/cmg/1 → 200 (88ms, 86B)
[2026-03-26T01:43:32.704Z] GET blob:https://challenges.cloudflare.com/a7f2c785-0743-4473-b864-4cd0b7f24d9f → pending (?ms, ?B)
[2026-03-26T01:43:32.837Z] POST https://challenges.cloudflare.com/cdn-cgi/challenge-platform/h/g/flow/ov1/1151758751:1774424211:4o8Wa4Enn-QTt2lnuwi1reIgADkO95lDbuYaz16VfCU/9e22770c988d1dfd/TBg7cxBiCB_Q8gk0FoNl5GxpjLbr8xXoZpwq3EKqOPI-1774489412-1.2.1.1-mpC24kD4IuzNCy6dVf_S8d8gsoutacsLwaob4._tgGR2SV8ketpHBGjGKHyyYdkw → 200 (85ms, 256576B)
[2026-03-26T01:43:33.004Z] GET blob:https://challenges.cloudflare.com/dd3ad80d-e1ca-4960-af42-fa76e9fb6be6 → 200 (20ms, 80B)
[2026-03-26T01:43:33.193Z] GET blob:https://challenges.cloudflare.com/dd3ad80d-e1ca-4960-af42-fa76e9fb6be6 → 200 (2ms, 80B)
[2026-03-26T01:43:33.225Z] GET https://challenges.cloudflare.com/cdn-cgi/challenge-platform/h/g/pat/9e22770c988d1dfd/1774489412933/a4543658713ca46aadadc1031983aa19fa98687f19d290d9605236115da6f822/9nORtvgtdrqzW0q → 401 (122ms, 1B)
[2026-03-26T01:43:33.399Z] GET https://challenges.cloudflare.com/cdn-cgi/challenge-platform/h/g/d/9e22770c988d1dfd/1774489412933/511T4tLH9-J0dwi → 200 (272ms, 232B)
[2026-03-26T01:43:33.841Z] POST https://challenges.cloudflare.com/cdn-cgi/challenge-platform/h/g/flow/ov1/1151758751:1774424211:4o8Wa4Enn-QTt2lnuwi1reIgADkO95lDbuYaz16VfCU/9e22770c988d1dfd/TBg7cxBiCB_Q8gk0FoNl5GxpjLbr8xXoZpwq3EKqOPI-1774489412-1.2.1.1-mpC24kD4IuzNCy6dVf_S8d8gsoutacsLwaob4._tgGR2SV8ketpHBGjGKHyyYdkw → 200 (150ms, 30988B)
[2026-03-26T01:43:33.995Z] GET blob:https://challenges.cloudflare.com/aaca5079-a8a9-4df0-be79-436d09cdfe47 → 200 (6ms, 80B)
[2026-03-26T01:45:34.019Z] POST https://www.midjourney.com/cdn-cgi/challenge-platform/h/g/flow/ov1/1999988631:1774424211:ufj9z36p3lrOYP8bcoAv7UVXu4jYYHVmCKOcowaP_oM/9e2277081924b73f/PzcSD8U9TV7KUV1ODg7haHQtBKSCska4S7jjfNgkWrQ-1774489411-1.2.1.1-cooNP9japS4oK_mSIYORkeQI3FJ0b7NxsJyNLvnJPCSkvfUS6iWlZPHawPudem5Y → 200 (112ms, 3088B)
[2026-03-26T01:45:42.137Z] GET https://www.midjourney.com/imagine → 403 (31ms, 5485B)
[2026-03-26T01:45:42.173Z] GET https://www.midjourney.com/cdn-cgi/challenge-platform/h/g/orchestrate/chl_page/v1?ray=9e227a36de41530a → 200 (79ms, 162711B)
[2026-03-26T01:45:42.258Z] GET blob:https://www.midjourney.com/d039c747-cc34-412a-863c-1920d036f359 → pending (?ms, ?B)
[2026-03-26T01:45:42.262Z] GET https://challenges.cloudflare.com/turnstile/v0/g/ea2d291c0fdc/api.js?onload=MNurp8&render=explicit → 200 (?ms, ?B)
[2026-03-26T01:45:42.386Z] POST https://www.midjourney.com/cdn-cgi/challenge-platform/h/g/flow/ov1/1999988631:1774424211:ufj9z36p3lrOYP8bcoAv7UVXu4jYYHVmCKOcowaP_oM/9e227a36de41530a/A_5DokjXDX.oHtOsEMhgexFnD.vVgcWel44gw2ZoJ8g-1774489542-1.2.1.1-eAJYzmmeBmK2OLt2D_zvPvU681h4O5O1_wF1kf771JHMVTJlVyITo2YM7j6.Xecm → 200 (58ms, 18304B)
[2026-03-26T01:45:42.442Z] GET blob:https://www.midjourney.com/b9dfcd13-d3b7-42a9-b794-473bae11fd42 → 200 (4ms, 80B)
[2026-03-26T01:45:42.445Z] GET https://challenges.cloudflare.com/cdn-cgi/challenge-platform/h/g/turnstile/f/ov2/av0/rch/5p57e/0x4AAAAAAADnPIDROrmt1Wwj/light/fbE/new/normal?lang=auto → 200 (198ms, 204967B)
[2026-03-26T01:45:42.651Z] GET https://challenges.cloudflare.com/cdn-cgi/challenge-platform/h/g/cmg/1 → 200 (104ms, 86B)
[2026-03-26T01:45:42.763Z] GET blob:https://challenges.cloudflare.com/10c018ee-2b13-4bf0-83a2-b963ff401239 → pending (?ms, ?B)
[2026-03-26T01:45:42.890Z] POST https://challenges.cloudflare.com/cdn-cgi/challenge-platform/h/g/flow/ov1/1151758751:1774424211:4o8Wa4Enn-QTt2lnuwi1reIgADkO95lDbuYaz16VfCU/9e227a39c9eb3e6b/f4R3G4dBpj7KuclFYW2ec7LvuJaOn3.8FkLB.K6u8tA-1774489542-1.2.1.1-pH7jwlASAYNrz27ca8ICdjLbKITRzfApuHWZ49IuIAoEt7SgC0C28._Pd_TLO7Ph → 200 (93ms, 245596B)
[2026-03-26T01:45:43.061Z] GET blob:https://challenges.cloudflare.com/4b45dba1-3e3a-4f5f-a6cd-775e11cfece7 → 200 (3ms, 80B)
[2026-03-26T01:45:43.098Z] GET https://challenges.cloudflare.com/cdn-cgi/challenge-platform/h/g/d/9e227a39c9eb3e6b/1774489542987/ZXLfTt2umiYODI4 → 200 (25ms, 389B)
[2026-03-26T01:45:43.136Z] GET blob:https://challenges.cloudflare.com/4b45dba1-3e3a-4f5f-a6cd-775e11cfece7 → 200 (2ms, 80B)
[2026-03-26T01:45:43.284Z] GET https://challenges.cloudflare.com/cdn-cgi/challenge-platform/h/g/pat/9e227a39c9eb3e6b/1774489542988/4edab2373d28d3c2ad8f69cbdb7ed848af4877e0951caa47a3b00cc62d4a7875/6zFsU48H3dfENgV → 401 (114ms, 1B)
[2026-03-26T01:45:43.587Z] POST https://challenges.cloudflare.com/cdn-cgi/challenge-platform/h/g/flow/ov1/1151758751:1774424211:4o8Wa4Enn-QTt2lnuwi1reIgADkO95lDbuYaz16VfCU/9e227a39c9eb3e6b/f4R3G4dBpj7KuclFYW2ec7LvuJaOn3.8FkLB.K6u8tA-1774489542-1.2.1.1-pH7jwlASAYNrz27ca8ICdjLbKITRzfApuHWZ49IuIAoEt7SgC0C28._Pd_TLO7Ph → 200 (117ms, 31020B)
[2026-03-26T01:45:43.710Z] GET blob:https://challenges.cloudflare.com/cf66d1a7-22e7-4c34-b74c-5863b98b1305 → 200 (3ms, 80B)
[2026-03-26T01:47:43.731Z] POST https://www.midjourney.com/cdn-cgi/challenge-platform/h/g/flow/ov1/1999988631:1774424211:ufj9z36p3lrOYP8bcoAv7UVXu4jYYHVmCKOcowaP_oM/9e227a36de41530a/A_5DokjXDX.oHtOsEMhgexFnD.vVgcWel44gw2ZoJ8g-1774489542-1.2.1.1-eAJYzmmeBmK2OLt2D_zvPvU681h4O5O1_wF1kf771JHMVTJlVyITo2YM7j6.Xecm → 200 (78ms, 3088B)
[2026-03-26T01:47:58.813Z] GET https://www.midjourney.com/imagine → 403 (28ms, 5485B)
[2026-03-26T01:47:58.848Z] GET https://www.midjourney.com/cdn-cgi/challenge-platform/h/g/orchestrate/chl_page/v1?ray=9e227d8d1ffb1258 → 200 (68ms, 167215B)
[2026-03-26T01:47:58.923Z] GET blob:https://www.midjourney.com/667115f7-b749-4711-9e82-91223e2842fa → pending (?ms, ?B)
[2026-03-26T01:47:58.929Z] GET https://challenges.cloudflare.com/turnstile/v0/g/ea2d291c0fdc/api.js?onload=MNurp8&render=explicit → 200 (?ms, 51125B)
[2026-03-26T01:47:59.050Z] POST https://www.midjourney.com/cdn-cgi/challenge-platform/h/g/flow/ov1/1999988631:1774424211:ufj9z36p3lrOYP8bcoAv7UVXu4jYYHVmCKOcowaP_oM/9e227d8d1ffb1258/k5bcNXZ5g66HUD0841kSQt_kEYT0tMk2Wiwh4O0UGAA-1774489678-1.2.1.1-3e4X8rsIum5np.we.CpVWNs0Z.KqU6M_QcQw6xYXp2cVrfT5aZSx2RKv4J0cUnR2 → 200 (32ms, 18304B)
[2026-03-26T01:47:59.092Z] GET blob:https://www.midjourney.com/064c3411-0dad-407f-acc6-8582c1ec5799 → 200 (4ms, 80B)
[2026-03-26T01:47:59.095Z] GET https://challenges.cloudflare.com/cdn-cgi/challenge-platform/h/g/turnstile/f/ov2/av0/rch/bwrxn/0x4AAAAAAADnPIDROrmt1Wwj/light/fbE/new/normal?lang=auto → 200 (99ms, 215752B)
[2026-03-26T01:47:59.199Z] GET https://challenges.cloudflare.com/cdn-cgi/challenge-platform/h/g/cmg/1 → 200 (59ms, 86B)
[2026-03-26T01:47:59.265Z] GET blob:https://challenges.cloudflare.com/f6ea1642-7636-44f6-bd2e-5d309df089ca → pending (?ms, ?B)
[2026-03-26T01:47:59.390Z] POST https://challenges.cloudflare.com/cdn-cgi/challenge-platform/h/g/flow/ov1/1151758751:1774424211:4o8Wa4Enn-QTt2lnuwi1reIgADkO95lDbuYaz16VfCU/9e227d8f3d0b8656/c2kKqBKw8XreJyChuTbcV8REl75iDzyO3pxwnnz6vI8-1774489679-1.2.1.1-FMj2CwdMPpvyyHjP0MWgHzLotbTbPBRzaTYDNDgYvet2Ne5i9t053LoGJiqOp.W5 → pending (?ms, ?B)
[2026-03-26T01:47:59.540Z] GET blob:https://challenges.cloudflare.com/36200a5b-eb7a-4ee7-a9d8-23420bb1e597 → 200 (22ms, 80B)
[2026-03-26T01:47:59.584Z] GET https://challenges.cloudflare.com/cdn-cgi/challenge-platform/h/g/pat/9e227d8f3d0b8656/1774489679476/2c360fca4eb3e689fa01e7a84c9c412b6d61482d6bae8842036f5e9f02211548/Qigb9bkFzPNiI69 → 401 (17ms, 1B)
[2026-03-26T01:47:59.607Z] GET https://challenges.cloudflare.com/cdn-cgi/challenge-platform/h/g/d/9e227d8f3d0b8656/1774489679476/7WY2fyUfkx9j54u → 200 (21ms, 475B)
[2026-03-26T01:47:59.657Z] GET blob:https://challenges.cloudflare.com/36200a5b-eb7a-4ee7-a9d8-23420bb1e597 → 200 (3ms, 80B)
[2026-03-26T01:47:59.966Z] POST https://challenges.cloudflare.com/cdn-cgi/challenge-platform/h/g/flow/ov1/1151758751:1774424211:4o8Wa4Enn-QTt2lnuwi1reIgADkO95lDbuYaz16VfCU/9e227d8f3d0b8656/c2kKqBKw8XreJyChuTbcV8REl75iDzyO3pxwnnz6vI8-1774489679-1.2.1.1-FMj2CwdMPpvyyHjP0MWgHzLotbTbPBRzaTYDNDgYvet2Ne5i9t053LoGJiqOp.W5 → 200 (72ms, 30984B)
[2026-03-26T01:48:00.042Z] GET blob:https://challenges.cloudflare.com/4527e339-c580-468f-8ff4-a5746ca4ff3f → 200 (3ms, 80B)
[2026-03-26T01:50:00.057Z] POST https://www.midjourney.com/cdn-cgi/challenge-platform/h/g/flow/ov1/1999988631:1774424211:ufj9z36p3lrOYP8bcoAv7UVXu4jYYHVmCKOcowaP_oM/9e227d8d1ffb1258/k5bcNXZ5g66HUD0841kSQt_kEYT0tMk2Wiwh4O0UGAA-1774489678-1.2.1.1-3e4X8rsIum5np.we.CpVWNs0Z.KqU6M_QcQw6xYXp2cVrfT5aZSx2RKv4J0cUnR2 → 200 (125ms, 3088B)
[2026-03-26T01:50:15.186Z] GET https://www.midjourney.com/imagine → 403 (31ms, 5485B)
[2026-03-26T01:50:15.221Z] GET https://www.midjourney.com/cdn-cgi/challenge-platform/h/g/orchestrate/chl_page/v1?ray=9e2280e1693a2c66 → 200 (82ms, 160068B)
[2026-03-26T01:50:15.309Z] GET blob:https://www.midjourney.com/69782c8a-8594-40d2-aa1a-387d59732535 → pending (?ms, ?B)
[2026-03-26T01:50:15.313Z] GET https://challenges.cloudflare.com/turnstile/v0/g/ea2d291c0fdc/api.js?onload=MNurp8&render=explicit → 200 (?ms, 51125B)
[2026-03-26T01:50:15.435Z] POST https://www.midjourney.com/cdn-cgi/challenge-platform/h/g/flow/ov1/1999988631:1774424211:ufj9z36p3lrOYP8bcoAv7UVXu4jYYHVmCKOcowaP_oM/9e2280e1693a2c66/IINXVmQmwvPqJnYY3dziwv40DhE93__pn6IbWb4UEvM-1774489815-1.2.1.1-d5TvUTuu9MHuX4VsDLKz__nIUrd7FkaOGh8S4xbmRo04lO.WqkvdmBP5X_WP..fs → 200 (60ms, 18304B)
[2026-03-26T01:50:15.506Z] GET blob:https://www.midjourney.com/f94d809a-3bdb-470e-9bf6-213d12b0f9a7 → 200 (4ms, 80B)
[2026-03-26T01:50:15.509Z] GET https://challenges.cloudflare.com/cdn-cgi/challenge-platform/h/g/turnstile/f/ov2/av0/rch/w7l4r/0x4AAAAAAADnPIDROrmt1Wwj/light/fbE/new/normal?lang=auto → 200 (157ms, ?B)
[2026-03-26T01:50:15.672Z] GET https://challenges.cloudflare.com/cdn-cgi/challenge-platform/h/g/cmg/1 → pending (?ms, ?B)
[2026-03-26T01:50:15.759Z] GET blob:https://challenges.cloudflare.com/f7dee128-5089-446f-b269-7eb7e5ee9ac9 → pending (?ms, ?B)
[2026-03-26T01:50:15.886Z] POST https://challenges.cloudflare.com/cdn-cgi/challenge-platform/h/g/flow/ov1/1151758751:1774424211:4o8Wa4Enn-QTt2lnuwi1reIgADkO95lDbuYaz16VfCU/9e2280e42d51e767/__PBVjIRoNTTPEJTwVqh1k4ErXBKlAYdxyyVMW_uhyQ-1774489815-1.2.1.1-LMCflzwK0ISMTIYH2DKhMbHRFtJHbP89mT6hLkmS.VW7TIA2HI.kC6ebJo9KmXEE → 200 (82ms, 245376B)
[2026-03-26T01:50:16.047Z] GET blob:https://challenges.cloudflare.com/4d0e0400-3e32-490e-96fb-549076230cbe → 200 (4ms, 80B)
[2026-03-26T01:50:16.102Z] GET https://challenges.cloudflare.com/cdn-cgi/challenge-platform/h/g/pat/9e2280e42d51e767/1774489815977/92dadd9c740cc52234cc0f43ef3125ac0584d9164888fefe482734b8d5160c65/3UJvC7PKPT3meuR → 401 (28ms, 1B)
[2026-03-26T01:50:16.149Z] GET blob:https://challenges.cloudflare.com/4d0e0400-3e32-490e-96fb-549076230cbe → 200 (3ms, 80B)
[2026-03-26T01:50:16.166Z] GET https://challenges.cloudflare.com/cdn-cgi/challenge-platform/h/g/d/9e2280e42d51e767/1774489815978/kN8ocXE9br5BL0X → 200 (30ms, 321B)
[2026-03-26T01:50:16.522Z] POST https://challenges.cloudflare.com/cdn-cgi/challenge-platform/h/g/flow/ov1/1151758751:1774424211:4o8Wa4Enn-QTt2lnuwi1reIgADkO95lDbuYaz16VfCU/9e2280e42d51e767/__PBVjIRoNTTPEJTwVqh1k4ErXBKlAYdxyyVMW_uhyQ-1774489815-1.2.1.1-LMCflzwK0ISMTIYH2DKhMbHRFtJHbP89mT6hLkmS.VW7TIA2HI.kC6ebJo9KmXEE → 200 (101ms, 30968B)
[2026-03-26T01:50:16.627Z] GET blob:https://challenges.cloudflare.com/252d4f16-2d30-4380-aaa5-2b5abcabea62 → 200 (4ms, 80B)
[2026-03-26T01:52:16.646Z] POST https://www.midjourney.com/cdn-cgi/challenge-platform/h/g/flow/ov1/1999988631:1774424211:ufj9z36p3lrOYP8bcoAv7UVXu4jYYHVmCKOcowaP_oM/9e2280e1693a2c66/IINXVmQmwvPqJnYY3dziwv40DhE93__pn6IbWb4UEvM-1774489815-1.2.1.1-d5TvUTuu9MHuX4VsDLKz__nIUrd7FkaOGh8S4xbmRo04lO.WqkvdmBP5X_WP..fs → pending (?ms, ?B)
[2026-03-26T01:52:31.951Z] GET https://www.midjourney.com/imagine → 403 (114ms, 5485B)
[2026-03-26T01:52:32.072Z] GET https://www.midjourney.com/cdn-cgi/challenge-platform/h/g/orchestrate/chl_page/v1?ray=9e2284382f165305 → 200 (85ms, 154807B)
[2026-03-26T01:52:32.163Z] GET blob:https://www.midjourney.com/21386646-002b-479d-8c89-6ff9271f3609 → pending (?ms, ?B)
[2026-03-26T01:52:32.167Z] GET https://challenges.cloudflare.com/turnstile/v0/g/ea2d291c0fdc/api.js?onload=MNurp8&render=explicit → 200 (1ms, 51125B)
[2026-03-26T01:52:32.288Z] POST https://www.midjourney.com/cdn-cgi/challenge-platform/h/g/flow/ov1/1999988631:1774424211:ufj9z36p3lrOYP8bcoAv7UVXu4jYYHVmCKOcowaP_oM/9e2284382f165305/XVwGQfILwgjzeS9YKMyW4nook4ZbejKQv.6kDmA3_H4-1774489952-1.2.1.1-tQ3X1cxqbuMddaMCUNAp.dazd3GPD3V03zucPObVBgE4B3f5ZQ7.gSEl13bnxR2B → 200 (74ms, 18304B)
[2026-03-26T01:52:32.360Z] GET blob:https://www.midjourney.com/03f2fb25-507b-4847-8075-13ba7a43d9b6 → 200 (5ms, 80B)
[2026-03-26T01:52:32.363Z] GET https://challenges.cloudflare.com/cdn-cgi/challenge-platform/h/g/turnstile/f/ov2/av0/rch/b62cb/0x4AAAAAAADnPIDROrmt1Wwj/light/fbE/new/normal?lang=auto → 200 (112ms, 225789B)
[2026-03-26T01:52:32.480Z] GET https://challenges.cloudflare.com/cdn-cgi/challenge-platform/h/g/cmg/1 → 200 (150ms, 86B)
[2026-03-26T01:52:32.636Z] GET blob:https://challenges.cloudflare.com/866c8fdd-fd65-4d55-a34c-d2c166a64de2 → pending (?ms, ?B)
[2026-03-26T01:52:32.765Z] POST https://challenges.cloudflare.com/cdn-cgi/challenge-platform/h/g/flow/ov1/1151758751:1774424211:4o8Wa4Enn-QTt2lnuwi1reIgADkO95lDbuYaz16VfCU/9e22843b1b762b0a/.U0a2e_m7bL4y3NskUJ.4qXptV9OF2xLtProhR_cqIM-1774489952-1.2.1.1-XHUdWCEV_GEnpcjJ2ouP2qHY0tdoMo3DfWd.Urc.Qs1cDl9UpEXPvulWvm3LxQ91 → pending (?ms, ?B)
[2026-03-26T01:52:33.210Z] GET blob:https://challenges.cloudflare.com/8e71cd9a-1f2f-4da9-93cd-9d56b3a015db → 200 (26ms, 80B)
[2026-03-26T01:52:33.324Z] GET blob:https://challenges.cloudflare.com/8e71cd9a-1f2f-4da9-93cd-9d56b3a015db → 200 (3ms, 80B)
[2026-03-26T01:52:33.492Z] GET https://challenges.cloudflare.com/cdn-cgi/challenge-platform/h/g/pat/9e22843b1b762b0a/1774489952888/ab691330e3ebbeb5253bff6bfd76ef581b4abf1fd35a417afa5cba05fb48375a/9FXvoQCa5SgSI7m → 401 (29ms, 1B)
[2026-03-26T01:52:33.524Z] GET https://challenges.cloudflare.com/cdn-cgi/challenge-platform/h/g/d/9e22843b1b762b0a/1774489952888/6OfWayYNSco3Xrc → 200 (113ms, 221B)
[2026-03-26T01:52:33.777Z] POST https://challenges.cloudflare.com/cdn-cgi/challenge-platform/h/g/flow/ov1/1151758751:1774424211:4o8Wa4Enn-QTt2lnuwi1reIgADkO95lDbuYaz16VfCU/9e22843b1b762b0a/.U0a2e_m7bL4y3NskUJ.4qXptV9OF2xLtProhR_cqIM-1774489952-1.2.1.1-XHUdWCEV_GEnpcjJ2ouP2qHY0tdoMo3DfWd.Urc.Qs1cDl9UpEXPvulWvm3LxQ91 → pending (?ms, ?B)
[2026-03-26T01:52:33.901Z] GET blob:https://challenges.cloudflare.com/896dd186-5f18-4e63-80f6-66a27ad12ee5 → 200 (4ms, 80B)
[2026-03-26T01:54:33.920Z] POST https://www.midjourney.com/cdn-cgi/challenge-platform/h/g/flow/ov1/1999988631:1774424211:ufj9z36p3lrOYP8bcoAv7UVXu4jYYHVmCKOcowaP_oM/9e2284382f165305/XVwGQfILwgjzeS9YKMyW4nook4ZbejKQv.6kDmA3_H4-1774489952-1.2.1.1-tQ3X1cxqbuMddaMCUNAp.dazd3GPD3V03zucPObVBgE4B3f5ZQ7.gSEl13bnxR2B → 200 (106ms, 3088B)
[2026-03-26T01:54:49.031Z] GET https://www.midjourney.com/imagine → 403 (24ms, 5485B)
[2026-03-26T01:54:49.060Z] GET https://www.midjourney.com/cdn-cgi/challenge-platform/h/g/orchestrate/chl_page/v1?ray=9e228790edf113ed → pending (?ms, ?B)
[2026-03-26T01:54:49.127Z] GET blob:https://www.midjourney.com/bdcc3062-bcaf-4981-a07d-4f5e3d8af265 → pending (?ms, ?B)
[2026-03-26T01:54:49.132Z] GET https://challenges.cloudflare.com/turnstile/v0/g/ea2d291c0fdc/api.js?onload=MNurp8&render=explicit → 200 (?ms, 51125B)
[2026-03-26T01:54:49.254Z] POST https://www.midjourney.com/cdn-cgi/challenge-platform/h/g/flow/ov1/1999988631:1774424211:ufj9z36p3lrOYP8bcoAv7UVXu4jYYHVmCKOcowaP_oM/9e228790edf113ed/88Qf7TByzFReS5yH.O0DeMpvsGIMV68QbjjP4T7vtbM-1774490089-1.2.1.1-61XOo.EHsa4.OJe96Yw2Pz0onuvYkpDNLB_USko6ih4ruZUhjOEjQItLs8c7tnjU → 200 (33ms, 18296B)
[2026-03-26T01:54:49.300Z] GET blob:https://www.midjourney.com/5018e284-d058-45f1-a8dd-b0919b453925 → 200 (5ms, 80B)
[2026-03-26T01:54:49.304Z] GET https://challenges.cloudflare.com/cdn-cgi/challenge-platform/h/g/turnstile/f/ov2/av0/rch/4xnin/0x4AAAAAAADnPIDROrmt1Wwj/light/fbE/new/normal?lang=auto → 200 (88ms, 208249B)
[2026-03-26T01:54:49.397Z] GET https://challenges.cloudflare.com/cdn-cgi/challenge-platform/h/g/cmg/1 → 200 (53ms, 86B)
[2026-03-26T01:54:49.456Z] GET blob:https://challenges.cloudflare.com/6db81a6a-5cdf-4a11-8326-0d04ca8312f7 → pending (?ms, ?B)
[2026-03-26T01:54:49.580Z] POST https://challenges.cloudflare.com/cdn-cgi/challenge-platform/h/g/flow/ov1/1151758751:1774424211:4o8Wa4Enn-QTt2lnuwi1reIgADkO95lDbuYaz16VfCU/9e228792fe9c38e9/mnkb.IAmBMsjcveFtY7zNkAvMPC5.OaXOVPwgJWqUBo-1774490089-1.2.1.1-hP8_nmSEqWUgvw577o3K8wNrU9lubuCxgO0lrYz.gaAD3Vn3XILfVNF9u5W123ZQ → 200 (124ms, 245596B)
[2026-03-26T01:54:49.771Z] GET blob:https://challenges.cloudflare.com/25ba5215-05f0-4d42-b6a1-a46d0ae58983 → 200 (3ms, 80B)
[2026-03-26T01:54:49.926Z] GET https://challenges.cloudflare.com/cdn-cgi/challenge-platform/h/g/d/9e228792fe9c38e9/1774490089674/ai-SLYpS7iXgwXt → 200 (33ms, 121B)
[2026-03-26T01:54:49.976Z] GET https://challenges.cloudflare.com/cdn-cgi/challenge-platform/h/g/pat/9e228792fe9c38e9/1774490089675/abf4a28f6d8866aa10c677e6fdd82cdaca25f8726825cca625f4d7819de66c36/-rr0RyTMGatvYOx → 401 (22ms, 1B)
[2026-03-26T01:54:50.046Z] GET blob:https://challenges.cloudflare.com/25ba5215-05f0-4d42-b6a1-a46d0ae58983 → 200 (4ms, 80B)
[2026-03-26T01:54:50.225Z] POST https://challenges.cloudflare.com/cdn-cgi/challenge-platform/h/g/flow/ov1/1151758751:1774424211:4o8Wa4Enn-QTt2lnuwi1reIgADkO95lDbuYaz16VfCU/9e228792fe9c38e9/mnkb.IAmBMsjcveFtY7zNkAvMPC5.OaXOVPwgJWqUBo-1774490089-1.2.1.1-hP8_nmSEqWUgvw577o3K8wNrU9lubuCxgO0lrYz.gaAD3Vn3XILfVNF9u5W123ZQ → 200 (82ms, 30984B)
[2026-03-26T01:54:50.310Z] GET blob:https://challenges.cloudflare.com/6b4a257f-6811-4cbc-b44c-aef2a6c4d6bf → 200 (4ms, 80B)
[2026-03-26T01:56:50.330Z] POST https://www.midjourney.com/cdn-cgi/challenge-platform/h/g/flow/ov1/1999988631:1774424211:ufj9z36p3lrOYP8bcoAv7UVXu4jYYHVmCKOcowaP_oM/9e228790edf113ed/88Qf7TByzFReS5yH.O0DeMpvsGIMV68QbjjP4T7vtbM-1774490089-1.2.1.1-61XOo.EHsa4.OJe96Yw2Pz0onuvYkpDNLB_USko6ih4ruZUhjOEjQItLs8c7tnjU → pending (?ms, ?B)
[2026-03-26T01:57:05.422Z] GET https://www.midjourney.com/imagine → 403 (25ms, 5485B)
[2026-03-26T01:57:05.452Z] GET https://www.midjourney.com/cdn-cgi/challenge-platform/h/g/orchestrate/chl_page/v1?ray=9e228ae55f7cb73f → 200 (64ms, 154807B)
[2026-03-26T01:57:05.522Z] GET blob:https://www.midjourney.com/f83af90c-b426-4ab0-9a41-cc958a2d2e56 → pending (?ms, ?B)
[2026-03-26T01:57:05.527Z] GET https://challenges.cloudflare.com/turnstile/v0/g/ea2d291c0fdc/api.js?onload=MNurp8&render=explicit → 200 (?ms, 51125B)
[2026-03-26T01:57:05.650Z] POST https://www.midjourney.com/cdn-cgi/challenge-platform/h/g/flow/ov1/1999988631:1774424211:ufj9z36p3lrOYP8bcoAv7UVXu4jYYHVmCKOcowaP_oM/9e228ae55f7cb73f/HqcGGWKrCm4FpeD417kABX17rjr953b43JyF6w6femc-1774490225-1.2.1.1-s2NYjq1mLPTTbluLSMv8iiSQmzkFuQv3ZbUqKv7BdH3HN0.7lvCQ279tC1Pi1nRI → 200 (33ms, 18300B)
[2026-03-26T01:57:05.694Z] GET blob:https://www.midjourney.com/05d78591-9480-4e6c-bb1c-2c20811d81df → 200 (4ms, 80B)
[2026-03-26T01:57:05.697Z] GET https://challenges.cloudflare.com/cdn-cgi/challenge-platform/h/g/turnstile/f/ov2/av0/rch/cw2i4/0x4AAAAAAADnPIDROrmt1Wwj/light/fbE/new/normal?lang=auto → 200 (144ms, 207568B)
[2026-03-26T01:57:05.847Z] GET https://challenges.cloudflare.com/cdn-cgi/challenge-platform/h/g/cmg/1 → 200 (81ms, 86B)
[2026-03-26T01:57:05.933Z] GET blob:https://challenges.cloudflare.com/52060af2-5579-442d-ab9b-313890a7bb8e → pending (?ms, ?B)
[2026-03-26T01:57:06.061Z] POST https://challenges.cloudflare.com/cdn-cgi/challenge-platform/h/g/flow/ov1/1151758751:1774424211:4o8Wa4Enn-QTt2lnuwi1reIgADkO95lDbuYaz16VfCU/9e228ae7cd31a5c8/cMeHIorxSU9oEiOebrcJ.b8u9N4Lq6EDfvBv_MMbA8Y-1774490225-1.2.1.1-t8pq6_qOmRkFpW8LAb8qC5mxXvEFUooKd06ucADLqZ1CrWyAPed182FP3TOe5eBg → 200 (104ms, 268552B)
[2026-03-26T01:57:06.253Z] GET blob:https://challenges.cloudflare.com/a7f7e605-ad50-4cb7-994e-6424ce4e714f → 200 (25ms, 80B)
[2026-03-26T01:57:06.437Z] GET https://challenges.cloudflare.com/cdn-cgi/challenge-platform/h/g/d/9e228ae7cd31a5c8/1774490226157/bHVL_lRlUXFqKux → 200 (32ms, 277B)
[2026-03-26T01:57:06.472Z] GET blob:https://challenges.cloudflare.com/a7f7e605-ad50-4cb7-994e-6424ce4e714f → pending (?ms, ?B)
[2026-03-26T01:57:06.472Z] GET blob:https://challenges.cloudflare.com/a7f7e605-ad50-4cb7-994e-6424ce4e714f → pending (?ms, ?B)
[2026-03-26T01:57:06.472Z] GET blob:https://challenges.cloudflare.com/a7f7e605-ad50-4cb7-994e-6424ce4e714f → 200 (7ms, ?B)
[2026-03-26T01:57:06.472Z] GET blob:https://challenges.cloudflare.com/a7f7e605-ad50-4cb7-994e-6424ce4e714f → 200 (6ms, ?B)
[2026-03-26T01:57:06.472Z] GET blob:https://challenges.cloudflare.com/a7f7e605-ad50-4cb7-994e-6424ce4e714f → 200 (5ms, ?B)
[2026-03-26T01:57:06.472Z] GET blob:https://challenges.cloudflare.com/a7f7e605-ad50-4cb7-994e-6424ce4e714f → 200 (5ms, ?B)
[2026-03-26T01:57:06.473Z] GET blob:https://challenges.cloudflare.com/a7f7e605-ad50-4cb7-994e-6424ce4e714f → 200 (3ms, 80B)
[2026-03-26T01:57:06.473Z] GET blob:https://challenges.cloudflare.com/a7f7e605-ad50-4cb7-994e-6424ce4e714f → 200 (3ms, 80B)
[2026-03-26T01:57:06.473Z] GET blob:https://challenges.cloudflare.com/a7f7e605-ad50-4cb7-994e-6424ce4e714f → 200 (3ms, 80B)
[2026-03-26T01:57:06.473Z] GET blob:https://challenges.cloudflare.com/a7f7e605-ad50-4cb7-994e-6424ce4e714f → 200 (3ms, 80B)
[2026-03-26T01:57:06.473Z] GET blob:https://challenges.cloudflare.com/a7f7e605-ad50-4cb7-994e-6424ce4e714f → 200 (2ms, 80B)
[2026-03-26T01:57:06.473Z] GET blob:https://challenges.cloudflare.com/a7f7e605-ad50-4cb7-994e-6424ce4e714f → 200 (2ms, 80B)
[2026-03-26T01:57:06.486Z] GET blob:https://challenges.cloudflare.com/a7f7e605-ad50-4cb7-994e-6424ce4e714f → 200 (8ms, 80B)
[2026-03-26T01:57:06.531Z] GET https://challenges.cloudflare.com/cdn-cgi/challenge-platform/h/g/pat/9e228ae7cd31a5c8/1774490226157/081e191a4520e06cebf7a945d120fab3d916f9fbdbeb4011da06449772750229/tUDFCz9eK3fPU97 → 401 (34ms, 1B)
[2026-03-26T01:57:06.744Z] POST https://challenges.cloudflare.com/cdn-cgi/challenge-platform/h/g/flow/ov1/1151758751:1774424211:4o8Wa4Enn-QTt2lnuwi1reIgADkO95lDbuYaz16VfCU/9e228ae7cd31a5c8/cMeHIorxSU9oEiOebrcJ.b8u9N4Lq6EDfvBv_MMbA8Y-1774490225-1.2.1.1-t8pq6_qOmRkFpW8LAb8qC5mxXvEFUooKd06ucADLqZ1CrWyAPed182FP3TOe5eBg → 200 (108ms, 30988B)
[2026-03-26T01:57:06.857Z] GET blob:https://challenges.cloudflare.com/5364ecc0-982c-4b8e-8a0f-a30f37be5b5b → 200 (4ms, 80B)
[2026-03-26T01:59:06.880Z] POST https://www.midjourney.com/cdn-cgi/challenge-platform/h/g/flow/ov1/1999988631:1774424211:ufj9z36p3lrOYP8bcoAv7UVXu4jYYHVmCKOcowaP_oM/9e228ae55f7cb73f/HqcGGWKrCm4FpeD417kABX17rjr953b43JyF6w6femc-1774490225-1.2.1.1-s2NYjq1mLPTTbluLSMv8iiSQmzkFuQv3ZbUqKv7BdH3HN0.7lvCQ279tC1Pi1nRI → 200 (133ms, 3088B)
[2026-03-26T01:59:22.017Z] GET https://www.midjourney.com/imagine → 403 (29ms, 5485B)
[2026-03-26T01:59:22.052Z] GET https://www.midjourney.com/cdn-cgi/challenge-platform/h/g/orchestrate/chl_page/v1?ray=9e228e3b18a22b04 → 200 (77ms, 162711B)
[2026-03-26T01:59:22.134Z] GET blob:https://www.midjourney.com/a0144a70-0c55-488c-970b-f8dc64128504 → pending (?ms, ?B)
[2026-03-26T01:59:22.139Z] GET https://challenges.cloudflare.com/turnstile/v0/g/ea2d291c0fdc/api.js?onload=MNurp8&render=explicit → 200 (?ms, 51125B)
[2026-03-26T01:59:22.267Z] POST https://www.midjourney.com/cdn-cgi/challenge-platform/h/g/flow/ov1/1999988631:1774424211:ufj9z36p3lrOYP8bcoAv7UVXu4jYYHVmCKOcowaP_oM/9e228e3b18a22b04/MxTbPuwChBUgZP9Ob.dgRPsoWB2CaS_LGlczbGqNmTQ-1774490362-1.2.1.1-.4tRXSBg6K_zg1eB9WKiJP025p5SO6hbfuAKTqVzGNPv_DfzZfqt8IoafJ_ERzll → 200 (51ms, 18300B)
[2026-03-26T01:59:22.330Z] GET blob:https://www.midjourney.com/fc0ae0b9-8294-424b-985f-7fe26e02f783 → 200 (5ms, 80B)
[2026-03-26T01:59:22.334Z] GET https://challenges.cloudflare.com/cdn-cgi/challenge-platform/h/g/turnstile/f/ov2/av0/rch/cgn94/0x4AAAAAAADnPIDROrmt1Wwj/light/fbE/new/normal?lang=auto → 200 (212ms, ?B)
[2026-03-26T01:59:22.554Z] GET https://challenges.cloudflare.com/cdn-cgi/challenge-platform/h/g/cmg/1 → pending (?ms, ?B)
[2026-03-26T01:59:22.646Z] GET blob:https://challenges.cloudflare.com/e6d72794-563e-4733-95e4-438aada2935f → pending (?ms, ?B)
[2026-03-26T01:59:22.779Z] POST https://challenges.cloudflare.com/cdn-cgi/challenge-platform/h/g/flow/ov1/1151758751:1774424211:4o8Wa4Enn-QTt2lnuwi1reIgADkO95lDbuYaz16VfCU/9e228e3e1958c703/sOb7Idc9BlRnIik6Jg4ebFEtONWfhg7wWVb4VDl3ClE-1774490362-1.2.1.1-4_p9VCx4ApkybVq2EjuwXXvxi2qnioo5Rtmsoi9Yb2TlRdrstS7lQ5v1OiWxqP.3 → 200 (90ms, 245176B)
[2026-03-26T01:59:22.954Z] GET blob:https://challenges.cloudflare.com/cef29ac6-1d00-4c9e-a0b4-2eb640274143 → 200 (24ms, 80B)
[2026-03-26T01:59:23.027Z] GET blob:https://challenges.cloudflare.com/cef29ac6-1d00-4c9e-a0b4-2eb640274143 → 200 (3ms, 80B)
[2026-03-26T01:59:23.051Z] GET https://challenges.cloudflare.com/cdn-cgi/challenge-platform/h/g/pat/9e228e3e1958c703/1774490362872/d8db3f24e5687ad789e1eec127d987948bd1e3b6252774e0c961ccde13956f56/SDBdzSB4BCoUJyw → 401 (30ms, 1B)
[2026-03-26T01:59:23.244Z] GET https://challenges.cloudflare.com/cdn-cgi/challenge-platform/h/g/d/9e228e3e1958c703/1774490362872/SDhR_6PCDe5W5bl → 200 (25ms, 195B)
[2026-03-26T01:59:23.416Z] POST https://challenges.cloudflare.com/cdn-cgi/challenge-platform/h/g/flow/ov1/1151758751:1774424211:4o8Wa4Enn-QTt2lnuwi1reIgADkO95lDbuYaz16VfCU/9e228e3e1958c703/sOb7Idc9BlRnIik6Jg4ebFEtONWfhg7wWVb4VDl3ClE-1774490362-1.2.1.1-4_p9VCx4ApkybVq2EjuwXXvxi2qnioo5Rtmsoi9Yb2TlRdrstS7lQ5v1OiWxqP.3 → 200 (85ms, 30972B)
[2026-03-26T01:59:23.507Z] GET blob:https://challenges.cloudflare.com/b899e7ea-aeb4-4ba3-b243-12acbf9c8733 → 200 (3ms, 80B)
[2026-03-26T02:01:23.527Z] POST https://www.midjourney.com/cdn-cgi/challenge-platform/h/g/flow/ov1/1999988631:1774424211:ufj9z36p3lrOYP8bcoAv7UVXu4jYYHVmCKOcowaP_oM/9e228e3b18a22b04/MxTbPuwChBUgZP9Ob.dgRPsoWB2CaS_LGlczbGqNmTQ-1774490362-1.2.1.1-.4tRXSBg6K_zg1eB9WKiJP025p5SO6hbfuAKTqVzGNPv_DfzZfqt8IoafJ_ERzll → pending (?ms, ?B)
[2026-03-26T02:01:38.783Z] GET https://www.midjourney.com/imagine → 403 (28ms, 5485B)
[2026-03-26T02:01:38.818Z] GET https://www.midjourney.com/cdn-cgi/challenge-platform/h/g/orchestrate/chl_page/v1?ray=9e229191dfade888 → 200 (71ms, 160162B)
[2026-03-26T02:01:38.895Z] GET blob:https://www.midjourney.com/c766795a-5d58-48f3-a0c8-6b3e8d025b74 → pending (?ms, ?B)
[2026-03-26T02:01:38.901Z] GET https://challenges.cloudflare.com/turnstile/v0/g/ea2d291c0fdc/api.js?onload=MNurp8&render=explicit → 200 (?ms, 51125B)
[2026-03-26T02:01:39.024Z] POST https://www.midjourney.com/cdn-cgi/challenge-platform/h/g/flow/ov1/1999988631:1774424211:ufj9z36p3lrOYP8bcoAv7UVXu4jYYHVmCKOcowaP_oM/9e229191dfade888/cjRSalQvGxH1NcJE9G3oMPF3rrN00vEuHUGt74xnLeU-1774490498-1.2.1.1-OHZgU70H6wA3BD40JJmnljge9TlJezgzTCvUnzEm7Ehi6py0iz7SeZBl9J2NAweK → 200 (53ms, 18300B)
[2026-03-26T02:01:39.074Z] GET blob:https://www.midjourney.com/37ce8998-ae30-49e1-9a63-c7170d5a9c9f → 200 (5ms, 80B)
[2026-03-26T02:01:39.078Z] GET https://challenges.cloudflare.com/cdn-cgi/challenge-platform/h/g/turnstile/f/ov2/av0/rch/uiydc/0x4AAAAAAADnPIDROrmt1Wwj/light/fbE/new/normal?lang=auto → 200 (103ms, 207729B)
[2026-03-26T02:01:39.185Z] GET https://challenges.cloudflare.com/cdn-cgi/challenge-platform/h/g/cmg/1 → 200 (50ms, 86B)
[2026-03-26T02:01:39.241Z] GET blob:https://challenges.cloudflare.com/0c648651-d158-4467-ad70-7fe44435ec68 → pending (?ms, ?B)
[2026-03-26T02:01:39.369Z] POST https://challenges.cloudflare.com/cdn-cgi/challenge-platform/h/g/flow/ov1/1151758751:1774424211:4o8Wa4Enn-QTt2lnuwi1reIgADkO95lDbuYaz16VfCU/9e2291941b924cb3/vLIV1ByWRzI3Ji4qxGcOtFwVeVqY_xuQS5uxpT5Tjg8-1774490499-1.2.1.1-EjMHp6A_LaCOduiNV2w8KbBRMETLAnAZi.86Ef4PPBqCq8bPsmnJgFZZQmlVq9PI → 200 (87ms, 257164B)
[2026-03-26T02:01:39.517Z] GET blob:https://challenges.cloudflare.com/d535e39c-b1ba-4b1c-acda-cdca08afd16f → 200 (24ms, 80B)
[2026-03-26T02:01:39.556Z] GET https://challenges.cloudflare.com/cdn-cgi/challenge-platform/h/g/pat/9e2291941b924cb3/1774490499457/83d1c40f7874f4d2a093b1b954dc67a5038d8e5952696fa55977ee5234d01c39/GQ429JFjPSgVpb_ → 401 (16ms, 1B)
[2026-03-26T02:01:39.573Z] GET blob:https://challenges.cloudflare.com/d535e39c-b1ba-4b1c-acda-cdca08afd16f → pending (?ms, ?B)
[2026-03-26T02:01:39.574Z] GET blob:https://challenges.cloudflare.com/d535e39c-b1ba-4b1c-acda-cdca08afd16f → 200 (6ms, ?B)
[2026-03-26T02:01:39.574Z] GET blob:https://challenges.cloudflare.com/d535e39c-b1ba-4b1c-acda-cdca08afd16f → 200 (6ms, ?B)
[2026-03-26T02:01:39.574Z] GET blob:https://challenges.cloudflare.com/d535e39c-b1ba-4b1c-acda-cdca08afd16f → 200 (6ms, ?B)
[2026-03-26T02:01:39.574Z] GET blob:https://challenges.cloudflare.com/d535e39c-b1ba-4b1c-acda-cdca08afd16f → 200 (6ms, ?B)
[2026-03-26T02:01:39.574Z] GET blob:https://challenges.cloudflare.com/d535e39c-b1ba-4b1c-acda-cdca08afd16f → 200 (6ms, ?B)
[2026-03-26T02:01:39.574Z] GET blob:https://challenges.cloudflare.com/d535e39c-b1ba-4b1c-acda-cdca08afd16f → 200 (5ms, ?B)
[2026-03-26T02:01:39.574Z] GET blob:https://challenges.cloudflare.com/d535e39c-b1ba-4b1c-acda-cdca08afd16f → 200 (4ms, ?B)
[2026-03-26T02:01:39.574Z] GET blob:https://challenges.cloudflare.com/d535e39c-b1ba-4b1c-acda-cdca08afd16f → 200 (4ms, ?B)
[2026-03-26T02:01:39.574Z] GET blob:https://challenges.cloudflare.com/d535e39c-b1ba-4b1c-acda-cdca08afd16f → 200 (3ms, ?B)
[2026-03-26T02:01:39.574Z] GET blob:https://challenges.cloudflare.com/d535e39c-b1ba-4b1c-acda-cdca08afd16f → 200 (3ms, ?B)
[2026-03-26T02:01:39.574Z] GET blob:https://challenges.cloudflare.com/d535e39c-b1ba-4b1c-acda-cdca08afd16f → 200 (3ms, ?B)
[2026-03-26T02:01:39.776Z] GET https://challenges.cloudflare.com/cdn-cgi/challenge-platform/h/g/d/9e2291941b924cb3/1774490499459/DqwJ9K-obr_qM4I → pending (?ms, ?B)
[2026-03-26T02:01:39.831Z] GET blob:https://challenges.cloudflare.com/d535e39c-b1ba-4b1c-acda-cdca08afd16f → 200 (2ms, 80B)
[2026-03-26T02:01:39.974Z] POST https://challenges.cloudflare.com/cdn-cgi/challenge-platform/h/g/flow/ov1/1151758751:1774424211:4o8Wa4Enn-QTt2lnuwi1reIgADkO95lDbuYaz16VfCU/9e2291941b924cb3/vLIV1ByWRzI3Ji4qxGcOtFwVeVqY_xuQS5uxpT5Tjg8-1774490499-1.2.1.1-EjMHp6A_LaCOduiNV2w8KbBRMETLAnAZi.86Ef4PPBqCq8bPsmnJgFZZQmlVq9PI → 200 (68ms, 31016B)
[2026-03-26T02:01:40.047Z] GET blob:https://challenges.cloudflare.com/573d3be3-bea2-44ce-ae3b-0ecb714cc076 → 200 (3ms, 80B)
[2026-03-26T02:03:40.069Z] POST https://www.midjourney.com/cdn-cgi/challenge-platform/h/g/flow/ov1/1999988631:1774424211:ufj9z36p3lrOYP8bcoAv7UVXu4jYYHVmCKOcowaP_oM/9e229191dfade888/cjRSalQvGxH1NcJE9G3oMPF3rrN00vEuHUGt74xnLeU-1774490498-1.2.1.1-OHZgU70H6wA3BD40JJmnljge9TlJezgzTCvUnzEm7Ehi6py0iz7SeZBl9J2NAweK → 200 (80ms, 3088B)
[2026-03-26T02:03:55.157Z] GET https://www.midjourney.com/imagine → 403 (48ms, 5485B)
[2026-03-26T02:03:55.210Z] GET https://www.midjourney.com/cdn-cgi/challenge-platform/h/g/orchestrate/chl_page/v1?ray=9e2294e648133203 → 200 (71ms, 157497B)
[2026-03-26T02:03:55.287Z] GET blob:https://www.midjourney.com/0fb067c7-f462-4286-ad56-c902f5d3b1ca → pending (?ms, ?B)
[2026-03-26T02:03:55.292Z] GET https://challenges.cloudflare.com/turnstile/v0/g/ea2d291c0fdc/api.js?onload=MNurp8&render=explicit → 200 (?ms, 51125B)
[2026-03-26T02:03:55.415Z] POST https://www.midjourney.com/cdn-cgi/challenge-platform/h/g/flow/ov1/1999988631:1774424211:ufj9z36p3lrOYP8bcoAv7UVXu4jYYHVmCKOcowaP_oM/9e2294e648133203/MnAMS.Q5m88oM0MT8Gj1lTyqfjeju7NNFOcIq_MUU7w-1774490635-1.2.1.1-LiyZbQcHm8Xak9FS3WfUz6UVebsLAd_cQsccQTkm3y7ejgJjtDpfbIzpXxdu1g_B → 200 (36ms, 18304B)
[2026-03-26T02:03:55.464Z] GET blob:https://www.midjourney.com/149be0e4-59ce-4f60-9659-900f4edcef36 → 200 (5ms, 80B)
[2026-03-26T02:03:55.468Z] GET https://challenges.cloudflare.com/cdn-cgi/challenge-platform/h/g/turnstile/f/ov2/av0/rch/jan3s/0x4AAAAAAADnPIDROrmt1Wwj/light/fbE/new/normal?lang=auto → 200 (142ms, 208690B)
[2026-03-26T02:03:55.616Z] GET https://challenges.cloudflare.com/cdn-cgi/challenge-platform/h/g/cmg/1 → 200 (173ms, 86B)
[2026-03-26T02:03:55.799Z] GET blob:https://challenges.cloudflare.com/2874d9ec-b9ed-4803-b44f-4f53d0110b51 → pending (?ms, ?B)
[2026-03-26T02:03:55.930Z] POST https://challenges.cloudflare.com/cdn-cgi/challenge-platform/h/g/flow/ov1/1151758751:1774424211:4o8Wa4Enn-QTt2lnuwi1reIgADkO95lDbuYaz16VfCU/9e2294e8c9d27b30/tYReiXId5G.0E0yJbXbyUffuQtmfC93XOlPn0K_G6k8-1774490635-1.2.1.1-bgN0ENfWFy5lGOBaWC0RQp8tQQCnlkQQK41qCFN67Dy74gvm1w5gXoVdFss5MZH5 → pending (?ms, ?B)
[2026-03-26T02:03:56.130Z] GET blob:https://challenges.cloudflare.com/2ed2fb58-9d98-4a05-ba85-cd6a36a033d7 → 200 (3ms, 80B)
[2026-03-26T02:03:56.198Z] GET https://challenges.cloudflare.com/cdn-cgi/challenge-platform/h/g/pat/9e2294e8c9d27b30/1774490636033/6656c66dd9ca68c10c4dad954d52cdeed6fb3d1d9c3757f00c43444795e9cc15/IfEEXrW-_2UpGmk → 401 (59ms, 1B)
[2026-03-26T02:03:56.273Z] GET https://challenges.cloudflare.com/cdn-cgi/challenge-platform/h/g/d/9e2294e8c9d27b30/1774490636034/vFIwvsRSFwKazGn → 200 (30ms, 178B)
[2026-03-26T02:03:56.487Z] GET blob:https://challenges.cloudflare.com/2ed2fb58-9d98-4a05-ba85-cd6a36a033d7 → 200 (4ms, 80B)
[2026-03-26T02:03:56.624Z] POST https://challenges.cloudflare.com/cdn-cgi/challenge-platform/h/g/flow/ov1/1151758751:1774424211:4o8Wa4Enn-QTt2lnuwi1reIgADkO95lDbuYaz16VfCU/9e2294e8c9d27b30/tYReiXId5G.0E0yJbXbyUffuQtmfC93XOlPn0K_G6k8-1774490635-1.2.1.1-bgN0ENfWFy5lGOBaWC0RQp8tQQCnlkQQK41qCFN67Dy74gvm1w5gXoVdFss5MZH5 → 200 (140ms, 30972B)
[2026-03-26T02:03:56.761Z] GET blob:https://challenges.cloudflare.com/de861d8f-a8e7-4d32-9bfd-3e06a5e37ff2 → 200 (4ms, 80B)
[2026-03-26T02:05:56.785Z] POST https://www.midjourney.com/cdn-cgi/challenge-platform/h/g/flow/ov1/1999988631:1774424211:ufj9z36p3lrOYP8bcoAv7UVXu4jYYHVmCKOcowaP_oM/9e2294e648133203/MnAMS.Q5m88oM0MT8Gj1lTyqfjeju7NNFOcIq_MUU7w-1774490635-1.2.1.1-LiyZbQcHm8Xak9FS3WfUz6UVebsLAd_cQsccQTkm3y7ejgJjtDpfbIzpXxdu1g_B → 200 (103ms, 3088B)
[2026-03-26T02:06:11.894Z] GET https://www.midjourney.com/imagine → 403 (226ms, 5485B)
[2026-03-26T02:06:12.125Z] GET https://www.midjourney.com/cdn-cgi/challenge-platform/h/g/orchestrate/chl_page/v1?ray=9e22983cd8b83203 → pending (?ms, ?B)
[2026-03-26T02:06:12.236Z] GET blob:https://www.midjourney.com/8c5cee5f-581a-4f3e-93f0-6f167d519bf0 → pending (?ms, ?B)
[2026-03-26T02:06:12.241Z] GET https://challenges.cloudflare.com/turnstile/v0/g/ea2d291c0fdc/api.js?onload=MNurp8&render=explicit → 200 (?ms, 51125B)
[2026-03-26T02:06:12.366Z] POST https://www.midjourney.com/cdn-cgi/challenge-platform/h/g/flow/ov1/1999988631:1774424211:ufj9z36p3lrOYP8bcoAv7UVXu4jYYHVmCKOcowaP_oM/9e22983cd8b83203/WPxNPxLc8TruZk7E6txyn8Q81gBLXZdjQr6T35dSf6s-1774490772-1.2.1.1-O14Sr8fQaf701hJHqQ2WMBIyENbDxy4bsfyy7jZdziiBqDYERjeOzRoV3JFP_okX → 200 (43ms, 18300B)
[2026-03-26T02:06:12.422Z] GET blob:https://www.midjourney.com/c60af768-ea73-4ce8-862f-9dfe9eadc551 → 200 (5ms, 80B)
[2026-03-26T02:06:12.426Z] GET https://challenges.cloudflare.com/cdn-cgi/challenge-platform/h/g/turnstile/f/ov2/av0/rch/jnh14/0x4AAAAAAADnPIDROrmt1Wwj/light/fbE/new/normal?lang=auto → 200 (335ms, 201514B)
[2026-03-26T02:06:12.772Z] GET https://challenges.cloudflare.com/cdn-cgi/challenge-platform/h/g/cmg/1 → 200 (73ms, 86B)
[2026-03-26T02:06:12.853Z] GET blob:https://challenges.cloudflare.com/c5f56f05-51d4-44b3-83d1-5e93efe8879c → pending (?ms, ?B)
[2026-03-26T02:06:12.983Z] POST https://challenges.cloudflare.com/cdn-cgi/challenge-platform/h/g/flow/ov1/1151758751:1774424211:4o8Wa4Enn-QTt2lnuwi1reIgADkO95lDbuYaz16VfCU/9e229841ea6c51dc/wQTxQv.FZFxoSsRRokxXxSy6ki_bp5FuP7RuvWVfNPM-1774490772-1.2.1.1-CVuLnJaahFvY1rsQ4CvX4A4LkQOFbkGz7sIljCEpR77QN4GHz_5O2zoFSeHiQ6wx → 200 (113ms, ?B)
[2026-03-26T02:06:13.178Z] GET blob:https://challenges.cloudflare.com/fa12fe27-10b2-4444-8b6e-c6af0506854d → 200 (24ms, 80B)
[2026-03-26T02:06:13.409Z] GET https://challenges.cloudflare.com/cdn-cgi/challenge-platform/h/g/d/9e229841ea6c51dc/1774490773084/TRtgHkLEI06-oOr → 200 (33ms, 370B)
[2026-03-26T02:06:13.451Z] GET blob:https://challenges.cloudflare.com/fa12fe27-10b2-4444-8b6e-c6af0506854d → 200 (3ms, 80B)
[2026-03-26T02:06:13.478Z] GET https://challenges.cloudflare.com/cdn-cgi/challenge-platform/h/g/pat/9e229841ea6c51dc/1774490773085/7ac69acc570ea201326ae092b05b57b7381127f12840bb11bc8feade154ac518/jaSPhtYfalHupOP → 401 (30ms, 1B)
[2026-03-26T02:06:13.639Z] POST https://challenges.cloudflare.com/cdn-cgi/challenge-platform/h/g/flow/ov1/1151758751:1774424211:4o8Wa4Enn-QTt2lnuwi1reIgADkO95lDbuYaz16VfCU/9e229841ea6c51dc/wQTxQv.FZFxoSsRRokxXxSy6ki_bp5FuP7RuvWVfNPM-1774490772-1.2.1.1-CVuLnJaahFvY1rsQ4CvX4A4LkQOFbkGz7sIljCEpR77QN4GHz_5O2zoFSeHiQ6wx → 200 (104ms, 30984B)
[2026-03-26T02:06:13.748Z] GET blob:https://challenges.cloudflare.com/a153a90a-9288-4cbe-a3b9-3a82b864d0a1 → 200 (4ms, 80B)
[2026-03-26T02:08:13.771Z] POST https://www.midjourney.com/cdn-cgi/challenge-platform/h/g/flow/ov1/1999988631:1774424211:ufj9z36p3lrOYP8bcoAv7UVXu4jYYHVmCKOcowaP_oM/9e22983cd8b83203/WPxNPxLc8TruZk7E6txyn8Q81gBLXZdjQr6T35dSf6s-1774490772-1.2.1.1-O14Sr8fQaf701hJHqQ2WMBIyENbDxy4bsfyy7jZdziiBqDYERjeOzRoV3JFP_okX → 200 (127ms, 3088B)
[2026-03-26T02:08:28.902Z] GET https://www.midjourney.com/imagine → 403 (30ms, 5485B)
[2026-03-26T02:08:28.937Z] GET https://www.midjourney.com/cdn-cgi/challenge-platform/h/g/orchestrate/chl_page/v1?ray=9e229b9518bd2b2a → 200 (76ms, 157497B)
[2026-03-26T02:08:29.019Z] GET blob:https://www.midjourney.com/2896cbc3-f6f8-4fd1-b559-6bc63accc6b3 → pending (?ms, ?B)
[2026-03-26T02:08:29.024Z] GET https://challenges.cloudflare.com/turnstile/v0/g/ea2d291c0fdc/api.js?onload=MNurp8&render=explicit → 200 (?ms, 51125B)
[2026-03-26T02:08:29.148Z] POST https://www.midjourney.com/cdn-cgi/challenge-platform/h/g/flow/ov1/1999988631:1774424211:ufj9z36p3lrOYP8bcoAv7UVXu4jYYHVmCKOcowaP_oM/9e229b9518bd2b2a/7LldVcHr_3eta5l6hmGwDIaPEwhNVTgoPz8ldwq10_E-1774490908-1.2.1.1-GgLFor1lfOlNv5d19as7aZ108KSFbZ.h8j2RWLQ3Jqpq53kCeeZgrTrXwzBY_8.a → 200 (53ms, 18312B)
[2026-03-26T02:08:29.214Z] GET blob:https://www.midjourney.com/03a9262a-8b29-4963-93a5-ba7778538af4 → 200 (5ms, 80B)
[2026-03-26T02:08:29.218Z] GET https://challenges.cloudflare.com/cdn-cgi/challenge-platform/h/g/turnstile/f/ov2/av0/rch/8qzy3/0x4AAAAAAADnPIDROrmt1Wwj/light/fbE/new/normal?lang=auto → 200 (101ms, ?B)
[2026-03-26T02:08:29.324Z] GET https://challenges.cloudflare.com/cdn-cgi/challenge-platform/h/g/cmg/1 → pending (?ms, ?B)
[2026-03-26T02:08:29.416Z] GET blob:https://challenges.cloudflare.com/bb700e24-008c-4ea0-94b3-0c9eae615fb6 → pending (?ms, ?B)
[2026-03-26T02:08:29.545Z] POST https://challenges.cloudflare.com/cdn-cgi/challenge-platform/h/g/flow/ov1/1151758751:1774424211:4o8Wa4Enn-QTt2lnuwi1reIgADkO95lDbuYaz16VfCU/9e229b977a48e75d/JFomC21WaRUIDXonKZ8KzLA1FnxiwVmpfxbVrzmLX5g-1774490909-1.2.1.1-sa5b4iNPyLeAGzF8uoctlnuTsIoJ2T5s._LRj3X68ir3iO2HmE1KnIzNuSjVBNuD → 200 (89ms, 245600B)
[2026-03-26T02:08:29.719Z] GET blob:https://challenges.cloudflare.com/3fa7c017-dba3-4203-bd8e-b7536746b4a2 → 200 (25ms, 80B)
[2026-03-26T02:08:29.825Z] GET https://challenges.cloudflare.com/cdn-cgi/challenge-platform/h/g/pat/9e229b977a48e75d/1774490909638/4b9a95c4f9d4e5895ae97543262742a5735de80344c9e16900b2f08dec8d27f3/heVY5kQhf3baO2W → 401 (28ms, 1B)
[2026-03-26T02:08:29.867Z] GET blob:https://challenges.cloudflare.com/3fa7c017-dba3-4203-bd8e-b7536746b4a2 → 200 (2ms, 80B)
[2026-03-26T02:08:29.875Z] GET https://challenges.cloudflare.com/cdn-cgi/challenge-platform/h/g/d/9e229b977a48e75d/1774490909638/TQMSTEjECrta_XA → 200 (26ms, 579B)
[2026-03-26T02:08:30.172Z] POST https://challenges.cloudflare.com/cdn-cgi/challenge-platform/h/g/flow/ov1/1151758751:1774424211:4o8Wa4Enn-QTt2lnuwi1reIgADkO95lDbuYaz16VfCU/9e229b977a48e75d/JFomC21WaRUIDXonKZ8KzLA1FnxiwVmpfxbVrzmLX5g-1774490909-1.2.1.1-sa5b4iNPyLeAGzF8uoctlnuTsIoJ2T5s._LRj3X68ir3iO2HmE1KnIzNuSjVBNuD → 200 (134ms, 30988B)
[2026-03-26T02:08:30.312Z] GET blob:https://challenges.cloudflare.com/6a262ee2-e204-4474-a67a-a35d1d40faad → 200 (4ms, 80B)
[2026-03-26T02:10:30.334Z] POST https://www.midjourney.com/cdn-cgi/challenge-platform/h/g/flow/ov1/1999988631:1774424211:ufj9z36p3lrOYP8bcoAv7UVXu4jYYHVmCKOcowaP_oM/9e229b9518bd2b2a/7LldVcHr_3eta5l6hmGwDIaPEwhNVTgoPz8ldwq10_E-1774490908-1.2.1.1-GgLFor1lfOlNv5d19as7aZ108KSFbZ.h8j2RWLQ3Jqpq53kCeeZgrTrXwzBY_8.a → 200 (129ms, 3088B)
[2026-03-26T02:10:45.465Z] GET https://www.midjourney.com/imagine → 403 (25ms, 5485B)
[2026-03-26T02:10:45.492Z] GET https://www.midjourney.com/cdn-cgi/challenge-platform/h/g/orchestrate/chl_page/v1?ray=9e229eea99e238e9 → pending (?ms, ?B)
[2026-03-26T02:10:45.565Z] GET blob:https://www.midjourney.com/46263f53-b97c-411b-8add-36ddda74df98 → pending (?ms, ?B)
[2026-03-26T02:10:45.570Z] GET https://challenges.cloudflare.com/turnstile/v0/g/ea2d291c0fdc/api.js?onload=MNurp8&render=explicit → 200 (?ms, 51125B)
[2026-03-26T02:10:45.697Z] POST https://www.midjourney.com/cdn-cgi/challenge-platform/h/g/flow/ov1/1999988631:1774424211:ufj9z36p3lrOYP8bcoAv7UVXu4jYYHVmCKOcowaP_oM/9e229eea99e238e9/M9j0ScXK9v.Sp33zmssAr83ql9.xOiPoLCz760ef.hU-1774491045-1.2.1.1-TBufHMrkcwRKqfqKorBJ48iUSIspK6WciJGbKWTLov9gGuYcxUuaUIJaGjR9wyro → 200 (33ms, 18300B)
[2026-03-26T02:10:45.743Z] GET blob:https://www.midjourney.com/21f45e62-2482-4fb1-8125-4d791a53f75f → 200 (4ms, 80B)
[2026-03-26T02:10:45.746Z] GET https://challenges.cloudflare.com/cdn-cgi/challenge-platform/h/g/turnstile/f/ov2/av0/rch/pirqs/0x4AAAAAAADnPIDROrmt1Wwj/light/fbE/new/normal?lang=auto → 200 (181ms, 203138B)
[2026-03-26T02:10:45.934Z] GET https://challenges.cloudflare.com/cdn-cgi/challenge-platform/h/g/cmg/1 → 200 (75ms, 86B)
[2026-03-26T02:10:46.019Z] GET blob:https://challenges.cloudflare.com/63b3e39f-67c5-4a3c-ac05-e24dd5f34505 → pending (?ms, ?B)
[2026-03-26T02:10:46.147Z] POST https://challenges.cloudflare.com/cdn-cgi/challenge-platform/h/g/flow/ov1/1151758751:1774424211:4o8Wa4Enn-QTt2lnuwi1reIgADkO95lDbuYaz16VfCU/9e229eed4c795521/j1LLNsWrmle68KmA0kg6HHiSdSzmmfkGeUdjWbleN2U-1774491045-1.2.1.1-45sEFfwmKju.4dX0_dC4taVLMTgmjq5e8LPWWX9VZ8twtICMr_700cY6CQqTzl9o → 200 (77ms, 268304B)
[2026-03-26T02:10:46.318Z] GET blob:https://challenges.cloudflare.com/eaeaebeb-270f-44e1-a814-f84f82fdbe21 → 200 (5ms, 80B)
[2026-03-26T02:10:46.360Z] GET blob:https://challenges.cloudflare.com/eaeaebeb-270f-44e1-a814-f84f82fdbe21 → pending (?ms, ?B)
[2026-03-26T02:10:46.360Z] GET blob:https://challenges.cloudflare.com/eaeaebeb-270f-44e1-a814-f84f82fdbe21 → 200 (5ms, ?B)
[2026-03-26T02:10:46.360Z] GET blob:https://challenges.cloudflare.com/eaeaebeb-270f-44e1-a814-f84f82fdbe21 → 200 (5ms, ?B)
[2026-03-26T02:10:46.360Z] GET blob:https://challenges.cloudflare.com/eaeaebeb-270f-44e1-a814-f84f82fdbe21 → 200 (5ms, ?B)
[2026-03-26T02:10:46.360Z] GET blob:https://challenges.cloudflare.com/eaeaebeb-270f-44e1-a814-f84f82fdbe21 → 200 (5ms, ?B)
[2026-03-26T02:10:46.360Z] GET blob:https://challenges.cloudflare.com/eaeaebeb-270f-44e1-a814-f84f82fdbe21 → 200 (3ms, ?B)
[2026-03-26T02:10:46.360Z] GET blob:https://challenges.cloudflare.com/eaeaebeb-270f-44e1-a814-f84f82fdbe21 → 200 (3ms, ?B)
[2026-03-26T02:10:46.360Z] GET blob:https://challenges.cloudflare.com/eaeaebeb-270f-44e1-a814-f84f82fdbe21 → 200 (3ms, 80B)
[2026-03-26T02:10:46.360Z] GET blob:https://challenges.cloudflare.com/eaeaebeb-270f-44e1-a814-f84f82fdbe21 → 200 (3ms, 80B)
[2026-03-26T02:10:46.360Z] GET blob:https://challenges.cloudflare.com/eaeaebeb-270f-44e1-a814-f84f82fdbe21 → 200 (3ms, 80B)
[2026-03-26T02:10:46.360Z] GET blob:https://challenges.cloudflare.com/eaeaebeb-270f-44e1-a814-f84f82fdbe21 → 200 (3ms, 80B)
[2026-03-26T02:10:46.360Z] GET blob:https://challenges.cloudflare.com/eaeaebeb-270f-44e1-a814-f84f82fdbe21 → 200 (3ms, 80B)
[2026-03-26T02:10:46.382Z] GET blob:https://challenges.cloudflare.com/eaeaebeb-270f-44e1-a814-f84f82fdbe21 → 200 (3ms, ?B)
[2026-03-26T02:10:46.408Z] GET https://challenges.cloudflare.com/cdn-cgi/challenge-platform/h/g/d/9e229eed4c795521/1774491046228/otWk8RfAxbKTGDX → 200 (28ms, 292B)
[2026-03-26T02:10:46.459Z] GET https://challenges.cloudflare.com/cdn-cgi/challenge-platform/h/g/pat/9e229eed4c795521/1774491046229/d12f2093befa304e5c784ddc12e10ab88930e438038ecc1155bf97d48d3a5198/rjSdAA4uqEmT0mB → 401 (28ms, 1B)
[2026-03-26T02:10:46.807Z] POST https://challenges.cloudflare.com/cdn-cgi/challenge-platform/h/g/flow/ov1/1151758751:1774424211:4o8Wa4Enn-QTt2lnuwi1reIgADkO95lDbuYaz16VfCU/9e229eed4c795521/j1LLNsWrmle68KmA0kg6HHiSdSzmmfkGeUdjWbleN2U-1774491045-1.2.1.1-45sEFfwmKju.4dX0_dC4taVLMTgmjq5e8LPWWX9VZ8twtICMr_700cY6CQqTzl9o → 200 (99ms, 30972B)
[2026-03-26T02:10:46.904Z] GET blob:https://challenges.cloudflare.com/1ca9d3be-fb19-4e82-88a0-c1c71bbee8e3 → 200 (3ms, 80B)
